  [1m[36m (13.8ms)[0m  [1mCREATE TABLE "schema_migrations" ("version" character varying NOT NULL) [0m
  [1m[35m (2.1ms)[0m  CREATE UNIQUE INDEX  "unique_schema_migrations" ON "schema_migrations"  ("version")
  [1m[36mActiveRecord::SchemaMigration Load (0.4ms)[0m  [1mSELECT "schema_migrations".* FROM "schema_migrations"[0m
Migrating to CreateUsers (20151117140000)
  [1m[35m (0.2ms)[0m  BEGIN
  [1m[36m (7.1ms)[0m  [1mCREATE TABLE "users" ("id" serial primary key, "username" character varying NOT NULL, "email" character varying NOT NULL, "password_hash" character varying NOT NULL, "librarian" boolean DEFAULT 'f', "created_at" timestamp NOT NULL, "updated_at" timestamp NOT NULL) [0m
  [1m[35mSQL (0.4ms)[0m  INSERT INTO "schema_migrations" ("version") VALUES ($1)  [["version", "20151117140000"]]
  [1m[36m (0.5ms)[0m  [1mCOMMIT[0m
  [1m[35mActiveRecord::SchemaMigration Load (0.7ms)[0m  SELECT "schema_migrations".* FROM "schema_migrations"
  [1m[36m (4.6ms)[0m  [1mSELECT t2.oid::regclass::text AS to_table, a1.attname AS column, a2.attname AS primary_key, c.conname AS name, c.confupdtype AS on_update, c.confdeltype AS on_delete
FROM pg_constraint c
JOIN pg_class t1 ON c.conrelid = t1.oid
JOIN pg_class t2 ON c.confrelid = t2.oid
JOIN pg_attribute a1 ON a1.attnum = c.conkey[1] AND a1.attrelid = t1.oid
JOIN pg_attribute a2 ON a2.attnum = c.confkey[1] AND a2.attrelid = t2.oid
JOIN pg_namespace t3 ON c.connamespace = t3.oid
WHERE c.contype = 'f'
  AND t1.relname = 'users'
  AND t3.nspname = ANY (current_schemas(false))
ORDER BY c.conname
[0m
  [1m[36mActiveRecord::SchemaMigration Load (0.4ms)[0m  [1mSELECT "schema_migrations".* FROM "schema_migrations"[0m
  [1m[36m (115.5ms)[0m  [1mDROP DATABASE IF EXISTS "Ready_development"[0m
  [1m[35m (114.0ms)[0m  DROP DATABASE IF EXISTS "Ready_test"
  [1m[36m (480.0ms)[0m  [1mCREATE DATABASE "Ready_development" ENCODING = 'unicode'[0m
  [1m[35m (259.1ms)[0m  CREATE DATABASE "Ready_test" ENCODING = 'unicode'
  [1m[36mSQL (11.9ms)[0m  [1mCREATE EXTENSION IF NOT EXISTS "plpgsql"[0m
  [1m[35m (8.8ms)[0m  CREATE TABLE "users" ("id" serial primary key, "username" character varying NOT NULL, "email" character varying NOT NULL, "password_hash" character varying NOT NULL, "librarian" boolean DEFAULT 'f', "created_at" timestamp NOT NULL, "updated_at" timestamp NOT NULL) 
  [1m[36m (2.8ms)[0m  [1mCREATE TABLE "schema_migrations" ("version" character varying NOT NULL) [0m
  [1m[35m (1.5ms)[0m  CREATE UNIQUE INDEX  "unique_schema_migrations" ON "schema_migrations"  ("version")
  [1m[36m (0.5ms)[0m  [1mSELECT version FROM "schema_migrations"[0m
  [1m[35m (0.5ms)[0m  INSERT INTO "schema_migrations" (version) VALUES ('20151117140000')
  [1m[36mSQL (0.6ms)[0m  [1mCREATE EXTENSION IF NOT EXISTS "plpgsql"[0m
  [1m[35m (10.8ms)[0m  CREATE TABLE "users" ("id" serial primary key, "username" character varying NOT NULL, "email" character varying NOT NULL, "password_hash" character varying NOT NULL, "librarian" boolean DEFAULT 'f', "created_at" timestamp NOT NULL, "updated_at" timestamp NOT NULL) 
  [1m[36m (2.8ms)[0m  [1mCREATE TABLE "schema_migrations" ("version" character varying NOT NULL) [0m
  [1m[35m (1.5ms)[0m  CREATE UNIQUE INDEX  "unique_schema_migrations" ON "schema_migrations"  ("version")
  [1m[36m (0.4ms)[0m  [1mSELECT version FROM "schema_migrations"[0m
  [1m[35m (0.6ms)[0m  INSERT INTO "schema_migrations" (version) VALUES ('20151117140000')
  [1m[36mActiveRecord::SchemaMigration Load (0.4ms)[0m  [1mSELECT "schema_migrations".* FROM "schema_migrations"[0m
  [1m[36m (116.2ms)[0m  [1mDROP DATABASE IF EXISTS "Ready_development"[0m
  [1m[35m (116.5ms)[0m  DROP DATABASE IF EXISTS "Ready_test"
  [1m[36m (243.1ms)[0m  [1mCREATE DATABASE "Ready_development" ENCODING = 'unicode'[0m
  [1m[35m (238.8ms)[0m  CREATE DATABASE "Ready_test" ENCODING = 'unicode'
  [1m[36mSQL (0.4ms)[0m  [1mCREATE EXTENSION IF NOT EXISTS "plpgsql"[0m
  [1m[35m (8.7ms)[0m  CREATE TABLE "users" ("id" serial primary key, "username" character varying NOT NULL, "email" character varying NOT NULL, "password_hash" character varying NOT NULL, "librarian" boolean DEFAULT 'f', "created_at" timestamp NOT NULL, "updated_at" timestamp NOT NULL) 
  [1m[36m (2.6ms)[0m  [1mCREATE TABLE "schema_migrations" ("version" character varying NOT NULL) [0m
  [1m[35m (1.6ms)[0m  CREATE UNIQUE INDEX  "unique_schema_migrations" ON "schema_migrations"  ("version")
  [1m[36m (0.4ms)[0m  [1mSELECT version FROM "schema_migrations"[0m
  [1m[35m (0.6ms)[0m  INSERT INTO "schema_migrations" (version) VALUES ('20151117140000')
  [1m[36mSQL (0.5ms)[0m  [1mCREATE EXTENSION IF NOT EXISTS "plpgsql"[0m
  [1m[35m (7.1ms)[0m  CREATE TABLE "users" ("id" serial primary key, "username" character varying NOT NULL, "email" character varying NOT NULL, "password_hash" character varying NOT NULL, "librarian" boolean DEFAULT 'f', "created_at" timestamp NOT NULL, "updated_at" timestamp NOT NULL) 
  [1m[36m (2.5ms)[0m  [1mCREATE TABLE "schema_migrations" ("version" character varying NOT NULL) [0m
  [1m[35m (1.5ms)[0m  CREATE UNIQUE INDEX  "unique_schema_migrations" ON "schema_migrations"  ("version")
  [1m[36m (0.5ms)[0m  [1mSELECT version FROM "schema_migrations"[0m
  [1m[35m (0.6ms)[0m  INSERT INTO "schema_migrations" (version) VALUES ('20151117140000')
  [1m[36mActiveRecord::SchemaMigration Load (0.4ms)[0m  [1mSELECT "schema_migrations".* FROM "schema_migrations"[0m
  [1m[36m (117.0ms)[0m  [1mDROP DATABASE IF EXISTS "Ready_development"[0m
  [1m[35m (115.5ms)[0m  DROP DATABASE IF EXISTS "Ready_test"
  [1m[36m (277.9ms)[0m  [1mCREATE DATABASE "Ready_development" ENCODING = 'unicode'[0m
  [1m[35m (250.2ms)[0m  CREATE DATABASE "Ready_test" ENCODING = 'unicode'
  [1m[36mSQL (0.5ms)[0m  [1mCREATE EXTENSION IF NOT EXISTS "plpgsql"[0m
  [1m[35m (8.3ms)[0m  CREATE TABLE "users" ("id" serial primary key, "username" character varying NOT NULL, "email" character varying NOT NULL, "password_hash" character varying NOT NULL, "librarian" boolean DEFAULT 'f', "created_at" timestamp NOT NULL, "updated_at" timestamp NOT NULL) 
  [1m[36m (2.3ms)[0m  [1mCREATE TABLE "schema_migrations" ("version" character varying NOT NULL) [0m
  [1m[35m (1.6ms)[0m  CREATE UNIQUE INDEX  "unique_schema_migrations" ON "schema_migrations"  ("version")
  [1m[36m (0.5ms)[0m  [1mSELECT version FROM "schema_migrations"[0m
  [1m[35m (0.6ms)[0m  INSERT INTO "schema_migrations" (version) VALUES ('20151117140000')
  [1m[36mSQL (0.4ms)[0m  [1mCREATE EXTENSION IF NOT EXISTS "plpgsql"[0m
  [1m[35m (7.2ms)[0m  CREATE TABLE "users" ("id" serial primary key, "username" character varying NOT NULL, "email" character varying NOT NULL, "password_hash" character varying NOT NULL, "librarian" boolean DEFAULT 'f', "created_at" timestamp NOT NULL, "updated_at" timestamp NOT NULL) 
  [1m[36m (2.3ms)[0m  [1mCREATE TABLE "schema_migrations" ("version" character varying NOT NULL) [0m
  [1m[35m (1.7ms)[0m  CREATE UNIQUE INDEX  "unique_schema_migrations" ON "schema_migrations"  ("version")
  [1m[36m (0.5ms)[0m  [1mSELECT version FROM "schema_migrations"[0m
  [1m[35m (0.6ms)[0m  INSERT INTO "schema_migrations" (version) VALUES ('20151117140000')
  [1m[36mActiveRecord::SchemaMigration Load (0.5ms)[0m  [1mSELECT "schema_migrations".* FROM "schema_migrations"[0m
  [1m[36mSQL (0.4ms)[0m  [1mCREATE EXTENSION IF NOT EXISTS "plpgsql"[0m
  [1m[35m (171.3ms)[0m  CREATE TABLE "users" ("id" serial primary key, "username" character varying NOT NULL, "email" character varying NOT NULL, "password_hash" character varying NOT NULL, "librarian" boolean DEFAULT 'f', "created_at" timestamp NOT NULL, "updated_at" timestamp NOT NULL) 
  [1m[36m (28.0ms)[0m  [1mCREATE TABLE "schema_migrations" ("version" character varying NOT NULL) [0m
  [1m[35m (1.5ms)[0m  CREATE UNIQUE INDEX  "unique_schema_migrations" ON "schema_migrations"  ("version")
  [1m[36m (0.4ms)[0m  [1mSELECT version FROM "schema_migrations"[0m
  [1m[35m (0.6ms)[0m  INSERT INTO "schema_migrations" (version) VALUES ('20151117140000')
  [1m[36mSQL (0.4ms)[0m  [1mCREATE EXTENSION IF NOT EXISTS "plpgsql"[0m
  [1m[35m (8.3ms)[0m  CREATE TABLE "users" ("id" serial primary key, "username" character varying NOT NULL, "email" character varying NOT NULL, "password_hash" character varying NOT NULL, "librarian" boolean DEFAULT 'f', "created_at" timestamp NOT NULL, "updated_at" timestamp NOT NULL) 
  [1m[36m (2.6ms)[0m  [1mCREATE TABLE "schema_migrations" ("version" character varying NOT NULL) [0m
  [1m[35m (1.4ms)[0m  CREATE UNIQUE INDEX  "unique_schema_migrations" ON "schema_migrations"  ("version")
  [1m[36m (0.4ms)[0m  [1mSELECT version FROM "schema_migrations"[0m
  [1m[35m (0.5ms)[0m  INSERT INTO "schema_migrations" (version) VALUES ('20151117140000')
  [1m[36mActiveRecord::SchemaMigration Load (0.5ms)[0m  [1mSELECT "schema_migrations".* FROM "schema_migrations"[0m
  [1m[36mSQL (0.3ms)[0m  [1mCREATE EXTENSION IF NOT EXISTS "plpgsql"[0m
  [1m[35m (52.3ms)[0m  DROP TABLE "users" CASCADE
  [1m[36m (6.1ms)[0m  [1mCREATE TABLE "users" ("id" serial primary key, "username" character varying NOT NULL, "email" character varying NOT NULL, "password_hash" character varying NOT NULL, "librarian" boolean DEFAULT 'f', "created_at" timestamp NOT NULL, "updated_at" timestamp NOT NULL) [0m
  [1m[35m (1.1ms)[0m  SELECT version FROM "schema_migrations"
  [1m[36mSQL (0.3ms)[0m  [1mCREATE EXTENSION IF NOT EXISTS "plpgsql"[0m
  [1m[35m (4.6ms)[0m  DROP TABLE "users" CASCADE
  [1m[36m (6.1ms)[0m  [1mCREATE TABLE "users" ("id" serial primary key, "username" character varying NOT NULL, "email" character varying NOT NULL, "password_hash" character varying NOT NULL, "librarian" boolean DEFAULT 'f', "created_at" timestamp NOT NULL, "updated_at" timestamp NOT NULL) [0m
  [1m[35m (0.8ms)[0m  SELECT version FROM "schema_migrations"
  [1m[36mActiveRecord::SchemaMigration Load (0.6ms)[0m  [1mSELECT "schema_migrations".* FROM "schema_migrations"[0m
  [1m[36m (115.9ms)[0m  [1mDROP DATABASE IF EXISTS "Ready_development"[0m
  [1m[35m (116.1ms)[0m  DROP DATABASE IF EXISTS "Ready_test"
  [1m[36m (237.7ms)[0m  [1mCREATE DATABASE "Ready_development" ENCODING = 'unicode'[0m
  [1m[35m (238.4ms)[0m  CREATE DATABASE "Ready_test" ENCODING = 'unicode'
  [1m[36mSQL (0.4ms)[0m  [1mCREATE EXTENSION IF NOT EXISTS "plpgsql"[0m
  [1m[35m (9.1ms)[0m  CREATE TABLE "users" ("id" serial primary key, "username" character varying NOT NULL, "email" character varying NOT NULL, "password_hash" character varying NOT NULL, "librarian" boolean DEFAULT 'f', "created_at" timestamp NOT NULL, "updated_at" timestamp NOT NULL) 
  [1m[36m (2.3ms)[0m  [1mCREATE TABLE "schema_migrations" ("version" character varying NOT NULL) [0m
  [1m[35m (1.5ms)[0m  CREATE UNIQUE INDEX  "unique_schema_migrations" ON "schema_migrations"  ("version")
  [1m[36m (0.5ms)[0m  [1mSELECT version FROM "schema_migrations"[0m
  [1m[35m (0.6ms)[0m  INSERT INTO "schema_migrations" (version) VALUES ('20151117140000')
  [1m[36mSQL (0.4ms)[0m  [1mCREATE EXTENSION IF NOT EXISTS "plpgsql"[0m
  [1m[35m (7.1ms)[0m  CREATE TABLE "users" ("id" serial primary key, "username" character varying NOT NULL, "email" character varying NOT NULL, "password_hash" character varying NOT NULL, "librarian" boolean DEFAULT 'f', "created_at" timestamp NOT NULL, "updated_at" timestamp NOT NULL) 
  [1m[36m (2.5ms)[0m  [1mCREATE TABLE "schema_migrations" ("version" character varying NOT NULL) [0m
  [1m[35m (1.5ms)[0m  CREATE UNIQUE INDEX  "unique_schema_migrations" ON "schema_migrations"  ("version")
  [1m[36m (0.5ms)[0m  [1mSELECT version FROM "schema_migrations"[0m
  [1m[35m (0.8ms)[0m  INSERT INTO "schema_migrations" (version) VALUES ('20151117140000')
  [1m[36mActiveRecord::SchemaMigration Load (0.4ms)[0m  [1mSELECT "schema_migrations".* FROM "schema_migrations"[0m
  [1m[36mActiveRecord::SchemaMigration Load (0.4ms)[0m  [1mSELECT "schema_migrations".* FROM "schema_migrations"[0m
  [1m[35mActiveRecord::SchemaMigration Load (0.2ms)[0m  SELECT "schema_migrations".* FROM "schema_migrations"
Migrating to CreateUsers (20151117140000)
  [1m[36m (0.1ms)[0m  [1mBEGIN[0m
  [1m[35m (2.5ms)[0m  DROP TABLE "users"
  [1m[36mSQL (11.6ms)[0m  [1mDELETE FROM "schema_migrations" WHERE "schema_migrations"."version" = $1[0m  [["version", "20151117140000"]]
  [1m[35m (2.4ms)[0m  COMMIT
  [1m[36mActiveRecord::SchemaMigration Load (0.3ms)[0m  [1mSELECT "schema_migrations".* FROM "schema_migrations"[0m
  [1m[36m (115.8ms)[0m  [1mDROP DATABASE IF EXISTS "Ready_development"[0m
  [1m[35m (116.7ms)[0m  DROP DATABASE IF EXISTS "Ready_test"
  [1m[36m (261.8ms)[0m  [1mCREATE DATABASE "Ready_development" ENCODING = 'unicode'[0m
  [1m[35m (259.5ms)[0m  CREATE DATABASE "Ready_test" ENCODING = 'unicode'
  [1m[36mSQL (0.5ms)[0m  [1mCREATE EXTENSION IF NOT EXISTS "plpgsql"[0m
  [1m[35m (4.6ms)[0m  CREATE TABLE "schema_migrations" ("version" character varying NOT NULL) 
  [1m[36m (1.5ms)[0m  [1mCREATE UNIQUE INDEX  "unique_schema_migrations" ON "schema_migrations"  ("version")[0m
  [1m[35m (0.5ms)[0m  SELECT version FROM "schema_migrations"
  [1m[36m (0.5ms)[0m  [1mINSERT INTO "schema_migrations" (version) VALUES ('0')[0m
  [1m[35mSQL (0.6ms)[0m  CREATE EXTENSION IF NOT EXISTS "plpgsql"
  [1m[36m (4.8ms)[0m  [1mCREATE TABLE "schema_migrations" ("version" character varying NOT NULL) [0m
  [1m[35m (1.8ms)[0m  CREATE UNIQUE INDEX  "unique_schema_migrations" ON "schema_migrations"  ("version")
  [1m[36m (0.5ms)[0m  [1mSELECT version FROM "schema_migrations"[0m
  [1m[35m (0.5ms)[0m  INSERT INTO "schema_migrations" (version) VALUES ('0')
  [1m[36mActiveRecord::SchemaMigration Load (0.5ms)[0m  [1mSELECT "schema_migrations".* FROM "schema_migrations"[0m
  [1m[36mActiveRecord::SchemaMigration Load (0.9ms)[0m  [1mSELECT "schema_migrations".* FROM "schema_migrations"[0m
Migrating to CreateUsers (20151117140000)
  [1m[35m (0.2ms)[0m  BEGIN
  [1m[36m (10.6ms)[0m  [1mCREATE TABLE "users" ("id" serial primary key, "name" character varying NOT NULL, "email" character varying NOT NULL, "password_hash" character varying NOT NULL, "librarian" boolean DEFAULT 'f', "created_at" timestamp NOT NULL, "updated_at" timestamp NOT NULL) [0m
  [1m[35mSQL (0.4ms)[0m  INSERT INTO "schema_migrations" ("version") VALUES ($1)  [["version", "20151117140000"]]
  [1m[36m (0.8ms)[0m  [1mCOMMIT[0m
  [1m[35mActiveRecord::SchemaMigration Load (0.5ms)[0m  SELECT "schema_migrations".* FROM "schema_migrations"
  [1m[36m (8.2ms)[0m  [1mSELECT t2.oid::regclass::text AS to_table, a1.attname AS column, a2.attname AS primary_key, c.conname AS name, c.confupdtype AS on_update, c.confdeltype AS on_delete
FROM pg_constraint c
JOIN pg_class t1 ON c.conrelid = t1.oid
JOIN pg_class t2 ON c.confrelid = t2.oid
JOIN pg_attribute a1 ON a1.attnum = c.conkey[1] AND a1.attrelid = t1.oid
JOIN pg_attribute a2 ON a2.attnum = c.confkey[1] AND a2.attrelid = t2.oid
JOIN pg_namespace t3 ON c.connamespace = t3.oid
WHERE c.contype = 'f'
  AND t1.relname = 'users'
  AND t3.nspname = ANY (current_schemas(false))
ORDER BY c.conname
[0m
  [1m[36m (115.1ms)[0m  [1mDROP DATABASE IF EXISTS "Ready_development"[0m
  [1m[35m (115.5ms)[0m  DROP DATABASE IF EXISTS "Ready_test"
  [1m[36m (266.7ms)[0m  [1mCREATE DATABASE "Ready_development" ENCODING = 'unicode'[0m
  [1m[35m (248.9ms)[0m  CREATE DATABASE "Ready_test" ENCODING = 'unicode'
  [1m[36mSQL (0.6ms)[0m  [1mCREATE EXTENSION IF NOT EXISTS "plpgsql"[0m
  [1m[35m (11.9ms)[0m  CREATE TABLE "users" ("id" serial primary key, "name" character varying NOT NULL, "email" character varying NOT NULL, "password_hash" character varying NOT NULL, "librarian" boolean DEFAULT 'f', "created_at" timestamp NOT NULL, "updated_at" timestamp NOT NULL) 
  [1m[36m (4.1ms)[0m  [1mCREATE TABLE "schema_migrations" ("version" character varying NOT NULL) [0m
  [1m[35m (1.9ms)[0m  CREATE UNIQUE INDEX  "unique_schema_migrations" ON "schema_migrations"  ("version")
  [1m[36m (0.7ms)[0m  [1mSELECT version FROM "schema_migrations"[0m
  [1m[35m (0.9ms)[0m  INSERT INTO "schema_migrations" (version) VALUES ('20151117140000')
  [1m[36mSQL (0.6ms)[0m  [1mCREATE EXTENSION IF NOT EXISTS "plpgsql"[0m
  [1m[35m (12.1ms)[0m  CREATE TABLE "users" ("id" serial primary key, "name" character varying NOT NULL, "email" character varying NOT NULL, "password_hash" character varying NOT NULL, "librarian" boolean DEFAULT 'f', "created_at" timestamp NOT NULL, "updated_at" timestamp NOT NULL) 
  [1m[36m (3.8ms)[0m  [1mCREATE TABLE "schema_migrations" ("version" character varying NOT NULL) [0m
  [1m[35m (2.0ms)[0m  CREATE UNIQUE INDEX  "unique_schema_migrations" ON "schema_migrations"  ("version")
  [1m[36m (0.8ms)[0m  [1mSELECT version FROM "schema_migrations"[0m
  [1m[35m (0.8ms)[0m  INSERT INTO "schema_migrations" (version) VALUES ('20151117140000')
  [1m[36mActiveRecord::SchemaMigration Load (0.8ms)[0m  [1mSELECT "schema_migrations".* FROM "schema_migrations"[0m
  [1m[36mActiveRecord::SchemaMigration Load (0.4ms)[0m  [1mSELECT "schema_migrations".* FROM "schema_migrations"[0m
  [1m[35mActiveRecord::SchemaMigration Load (0.2ms)[0m  SELECT "schema_migrations".* FROM "schema_migrations"
Migrating to CreateUsers (20151117140000)
  [1m[36m (0.1ms)[0m  [1mBEGIN[0m
  [1m[35m (3.1ms)[0m  DROP TABLE "users"
  [1m[36mSQL (0.5ms)[0m  [1mDELETE FROM "schema_migrations" WHERE "schema_migrations"."version" = $1[0m  [["version", "20151117140000"]]
  [1m[35m (1.4ms)[0m  COMMIT
  [1m[36mActiveRecord::SchemaMigration Load (0.4ms)[0m  [1mSELECT "schema_migrations".* FROM "schema_migrations"[0m
  [1m[36mActiveRecord::SchemaMigration Load (0.5ms)[0m  [1mSELECT "schema_migrations".* FROM "schema_migrations"[0m
Migrating to CreateUsers (20151117140000)
  [1m[35m (0.2ms)[0m  BEGIN
  [1m[36m (5.4ms)[0m  [1mCREATE TABLE "users" ("id" serial primary key, "name" character varying NOT NULL, "email" character varying NOT NULL, "password_digest" character varying NOT NULL, "session_token" character varying NOT NULL, "librarian" boolean DEFAULT 'f', "created_at" timestamp NOT NULL, "updated_at" timestamp NOT NULL) [0m
  [1m[35mSQL (0.3ms)[0m  INSERT INTO "schema_migrations" ("version") VALUES ($1)  [["version", "20151117140000"]]
  [1m[36m (0.7ms)[0m  [1mCOMMIT[0m
  [1m[35mActiveRecord::SchemaMigration Load (0.3ms)[0m  SELECT "schema_migrations".* FROM "schema_migrations"
  [1m[36m (4.8ms)[0m  [1mSELECT t2.oid::regclass::text AS to_table, a1.attname AS column, a2.attname AS primary_key, c.conname AS name, c.confupdtype AS on_update, c.confdeltype AS on_delete
FROM pg_constraint c
JOIN pg_class t1 ON c.conrelid = t1.oid
JOIN pg_class t2 ON c.confrelid = t2.oid
JOIN pg_attribute a1 ON a1.attnum = c.conkey[1] AND a1.attrelid = t1.oid
JOIN pg_attribute a2 ON a2.attnum = c.confkey[1] AND a2.attrelid = t2.oid
JOIN pg_namespace t3 ON c.connamespace = t3.oid
WHERE c.contype = 'f'
  AND t1.relname = 'users'
  AND t3.nspname = ANY (current_schemas(false))
ORDER BY c.conname
[0m
  [1m[36m (117.0ms)[0m  [1mDROP DATABASE IF EXISTS "Ready_development"[0m
  [1m[35m (115.9ms)[0m  DROP DATABASE IF EXISTS "Ready_test"
  [1m[36m (272.4ms)[0m  [1mCREATE DATABASE "Ready_development" ENCODING = 'unicode'[0m
  [1m[35m (240.1ms)[0m  CREATE DATABASE "Ready_test" ENCODING = 'unicode'
  [1m[36mSQL (0.4ms)[0m  [1mCREATE EXTENSION IF NOT EXISTS "plpgsql"[0m
  [1m[35m (8.4ms)[0m  CREATE TABLE "users" ("id" serial primary key, "name" character varying NOT NULL, "email" character varying NOT NULL, "password_digest" character varying NOT NULL, "session_token" character varying NOT NULL, "librarian" boolean DEFAULT 'f', "created_at" timestamp NOT NULL, "updated_at" timestamp NOT NULL) 
  [1m[36m (3.5ms)[0m  [1mCREATE TABLE "schema_migrations" ("version" character varying NOT NULL) [0m
  [1m[35m (1.5ms)[0m  CREATE UNIQUE INDEX  "unique_schema_migrations" ON "schema_migrations"  ("version")
  [1m[36m (0.6ms)[0m  [1mSELECT version FROM "schema_migrations"[0m
  [1m[35m (0.6ms)[0m  INSERT INTO "schema_migrations" (version) VALUES ('20151117140000')
  [1m[36mSQL (0.4ms)[0m  [1mCREATE EXTENSION IF NOT EXISTS "plpgsql"[0m
  [1m[35m (7.5ms)[0m  CREATE TABLE "users" ("id" serial primary key, "name" character varying NOT NULL, "email" character varying NOT NULL, "password_digest" character varying NOT NULL, "session_token" character varying NOT NULL, "librarian" boolean DEFAULT 'f', "created_at" timestamp NOT NULL, "updated_at" timestamp NOT NULL) 
  [1m[36m (2.5ms)[0m  [1mCREATE TABLE "schema_migrations" ("version" character varying NOT NULL) [0m
  [1m[35m (1.9ms)[0m  CREATE UNIQUE INDEX  "unique_schema_migrations" ON "schema_migrations"  ("version")
  [1m[36m (0.5ms)[0m  [1mSELECT version FROM "schema_migrations"[0m
  [1m[35m (0.9ms)[0m  INSERT INTO "schema_migrations" (version) VALUES ('20151117140000')
  [1m[36mActiveRecord::SchemaMigration Load (0.4ms)[0m  [1mSELECT "schema_migrations".* FROM "schema_migrations"[0m
  [1m[36mActiveRecord::SchemaMigration Load (0.5ms)[0m  [1mSELECT "schema_migrations".* FROM "schema_migrations"[0m
  [1m[35mActiveRecord::SchemaMigration Load (0.2ms)[0m  SELECT "schema_migrations".* FROM "schema_migrations"
Migrating to CreateUsers (20151117140000)
  [1m[36m (0.1ms)[0m  [1mBEGIN[0m
  [1m[35m (0.2ms)[0m  ROLLBACK
  [1m[36mActiveRecord::SchemaMigration Load (0.5ms)[0m  [1mSELECT "schema_migrations".* FROM "schema_migrations"[0m
  [1m[35mActiveRecord::SchemaMigration Load (0.2ms)[0m  SELECT "schema_migrations".* FROM "schema_migrations"
Migrating to CreateUsers (20151117140000)
  [1m[36m (0.1ms)[0m  [1mBEGIN[0m
  [1m[35m (3.4ms)[0m  DROP TABLE "users"
  [1m[36mSQL (0.4ms)[0m  [1mDELETE FROM "schema_migrations" WHERE "schema_migrations"."version" = $1[0m  [["version", "20151117140000"]]
  [1m[35m (1.9ms)[0m  COMMIT
  [1m[36mActiveRecord::SchemaMigration Load (0.3ms)[0m  [1mSELECT "schema_migrations".* FROM "schema_migrations"[0m
  [1m[36mActiveRecord::SchemaMigration Load (0.4ms)[0m  [1mSELECT "schema_migrations".* FROM "schema_migrations"[0m
  [1m[35mActiveRecord::SchemaMigration Load (0.3ms)[0m  SELECT "schema_migrations".* FROM "schema_migrations"
  [1m[36mActiveRecord::SchemaMigration Load (0.5ms)[0m  [1mSELECT "schema_migrations".* FROM "schema_migrations"[0m
Migrating to CreateUsers (20151117140000)
  [1m[35m (0.2ms)[0m  BEGIN
  [1m[36m (24.0ms)[0m  [1mCREATE TABLE "users" ("id" serial primary key, "name" character varying NOT NULL, "email" character varying NOT NULL, "password_digest" character varying NOT NULL, "session_token" character varying NOT NULL, "librarian" boolean DEFAULT 'f', "created_at" timestamp NOT NULL, "updated_at" timestamp NOT NULL) [0m
  [1m[35m (1.5ms)[0m  CREATE UNIQUE INDEX  "index_users_on_name" ON "users"  ("name")
  [1m[36m (1.2ms)[0m  [1mCREATE UNIQUE INDEX  "index_users_on_email" ON "users"  ("email")[0m
  [1m[35m (1.0ms)[0m  CREATE UNIQUE INDEX  "index_users_on_session_token" ON "users"  ("session_token")
  [1m[36mSQL (0.2ms)[0m  [1mINSERT INTO "schema_migrations" ("version") VALUES ($1)[0m  [["version", "20151117140000"]]
  [1m[35m (1.0ms)[0m  COMMIT
  [1m[36mActiveRecord::SchemaMigration Load (0.6ms)[0m  [1mSELECT "schema_migrations".* FROM "schema_migrations"[0m
  [1m[35m (4.5ms)[0m  SELECT t2.oid::regclass::text AS to_table, a1.attname AS column, a2.attname AS primary_key, c.conname AS name, c.confupdtype AS on_update, c.confdeltype AS on_delete
FROM pg_constraint c
JOIN pg_class t1 ON c.conrelid = t1.oid
JOIN pg_class t2 ON c.confrelid = t2.oid
JOIN pg_attribute a1 ON a1.attnum = c.conkey[1] AND a1.attrelid = t1.oid
JOIN pg_attribute a2 ON a2.attnum = c.confkey[1] AND a2.attrelid = t2.oid
JOIN pg_namespace t3 ON c.connamespace = t3.oid
WHERE c.contype = 'f'
  AND t1.relname = 'users'
  AND t3.nspname = ANY (current_schemas(false))
ORDER BY c.conname

  [1m[36mUser Load (0.9ms)[0m  [1mSELECT "users".* FROM "users"[0m
  [1m[36m (5047.3ms)[0m  [1mDROP DATABASE IF EXISTS "Ready_development"[0m
PG::ObjectInUse: ERROR:  database "Ready_development" is being accessed by other users
DETAIL:  There is 1 other session using the database.
: DROP DATABASE IF EXISTS "Ready_development"
  [1m[35m (244.4ms)[0m  DROP DATABASE IF EXISTS "Ready_test"
  [1m[36m (0.7ms)[0m  [1mCREATE DATABASE "Ready_development" ENCODING = 'unicode'[0m
PG::DuplicateDatabase: ERROR:  database "Ready_development" already exists
: CREATE DATABASE "Ready_development" ENCODING = 'unicode'
  [1m[35m (629.6ms)[0m  CREATE DATABASE "Ready_test" ENCODING = 'unicode'
  [1m[36mSQL (0.3ms)[0m  [1mCREATE EXTENSION IF NOT EXISTS "plpgsql"[0m
  [1m[35m (6.5ms)[0m  DROP TABLE "users" CASCADE
  [1m[36m (7.0ms)[0m  [1mCREATE TABLE "users" ("id" serial primary key, "name" character varying NOT NULL, "email" character varying NOT NULL, "password_digest" character varying NOT NULL, "session_token" character varying NOT NULL, "librarian" boolean DEFAULT 'f', "created_at" timestamp NOT NULL, "updated_at" timestamp NOT NULL) [0m
  [1m[35m (1.3ms)[0m  CREATE UNIQUE INDEX  "index_users_on_email" ON "users" USING btree ("email")
  [1m[36m (1.3ms)[0m  [1mCREATE UNIQUE INDEX  "index_users_on_name" ON "users" USING btree ("name")[0m
  [1m[35m (1.4ms)[0m  CREATE UNIQUE INDEX  "index_users_on_session_token" ON "users" USING btree ("session_token")
  [1m[36m (0.5ms)[0m  [1mSELECT version FROM "schema_migrations"[0m
  [1m[35mSQL (0.6ms)[0m  CREATE EXTENSION IF NOT EXISTS "plpgsql"
  [1m[36m (7.3ms)[0m  [1mCREATE TABLE "users" ("id" serial primary key, "name" character varying NOT NULL, "email" character varying NOT NULL, "password_digest" character varying NOT NULL, "session_token" character varying NOT NULL, "librarian" boolean DEFAULT 'f', "created_at" timestamp NOT NULL, "updated_at" timestamp NOT NULL) [0m
  [1m[35m (1.6ms)[0m  CREATE UNIQUE INDEX  "index_users_on_email" ON "users" USING btree ("email")
  [1m[36m (1.4ms)[0m  [1mCREATE UNIQUE INDEX  "index_users_on_name" ON "users" USING btree ("name")[0m
  [1m[35m (1.7ms)[0m  CREATE UNIQUE INDEX  "index_users_on_session_token" ON "users" USING btree ("session_token")
  [1m[36m (2.6ms)[0m  [1mCREATE TABLE "schema_migrations" ("version" character varying NOT NULL) [0m
  [1m[35m (1.4ms)[0m  CREATE UNIQUE INDEX  "unique_schema_migrations" ON "schema_migrations"  ("version")
  [1m[36m (0.4ms)[0m  [1mSELECT version FROM "schema_migrations"[0m
  [1m[35m (0.5ms)[0m  INSERT INTO "schema_migrations" (version) VALUES ('20151117140000')
  [1m[36mActiveRecord::SchemaMigration Load (0.8ms)[0m  [1mSELECT "schema_migrations".* FROM "schema_migrations"[0m
  [1m[35m (0.2ms)[0m  BEGIN
  [1m[36mUser Exists (1.4ms)[0m  [1mSELECT  1 AS one FROM "users" WHERE "users"."name" = 'admin' LIMIT 1[0m
  [1m[35mUser Exists (0.4ms)[0m  SELECT  1 AS one FROM "users" WHERE "users"."email" = 'admin@ready.com' LIMIT 1
  [1m[36mUser Exists (0.3ms)[0m  [1mSELECT  1 AS one FROM "users" WHERE "users"."session_token" IS NULL LIMIT 1[0m
  [1m[35m (0.1ms)[0m  ROLLBACK
  [1m[36m (0.2ms)[0m  [1mBEGIN[0m
  [1m[35mUser Exists (0.5ms)[0m  SELECT  1 AS one FROM "users" WHERE "users"."name" = 'user2' LIMIT 1
  [1m[36mUser Exists (0.3ms)[0m  [1mSELECT  1 AS one FROM "users" WHERE "users"."email" = 'user2@place.com' LIMIT 1[0m
  [1m[35mUser Exists (0.3ms)[0m  SELECT  1 AS one FROM "users" WHERE "users"."session_token" IS NULL LIMIT 1
  [1m[36m (0.1ms)[0m  [1mROLLBACK[0m
  [1m[35m (0.2ms)[0m  BEGIN
  [1m[36mUser Exists (0.4ms)[0m  [1mSELECT  1 AS one FROM "users" WHERE "users"."name" = 'user3' LIMIT 1[0m
  [1m[35mUser Exists (0.3ms)[0m  SELECT  1 AS one FROM "users" WHERE "users"."email" = 'user3@place.com' LIMIT 1
  [1m[36mUser Exists (0.2ms)[0m  [1mSELECT  1 AS one FROM "users" WHERE "users"."session_token" IS NULL LIMIT 1[0m
  [1m[35m (0.1ms)[0m  ROLLBACK
  [1m[36m (0.2ms)[0m  [1mBEGIN[0m
  [1m[35mUser Exists (0.4ms)[0m  SELECT  1 AS one FROM "users" WHERE "users"."name" = 'user4' LIMIT 1
  [1m[36mUser Exists (0.3ms)[0m  [1mSELECT  1 AS one FROM "users" WHERE "users"."email" = 'user4@place.com' LIMIT 1[0m
  [1m[35mUser Exists (0.2ms)[0m  SELECT  1 AS one FROM "users" WHERE "users"."session_token" IS NULL LIMIT 1
  [1m[36m (0.1ms)[0m  [1mROLLBACK[0m
  [1m[35m (0.1ms)[0m  BEGIN
  [1m[36mUser Exists (0.4ms)[0m  [1mSELECT  1 AS one FROM "users" WHERE "users"."name" = 'user5' LIMIT 1[0m
  [1m[35mUser Exists (0.3ms)[0m  SELECT  1 AS one FROM "users" WHERE "users"."email" = 'user5@place.com' LIMIT 1
  [1m[36mUser Exists (0.2ms)[0m  [1mSELECT  1 AS one FROM "users" WHERE "users"."session_token" IS NULL LIMIT 1[0m
  [1m[35m (0.2ms)[0m  ROLLBACK
  [1m[36m (0.2ms)[0m  [1mBEGIN[0m
  [1m[35mUser Exists (0.4ms)[0m  SELECT  1 AS one FROM "users" WHERE "users"."name" = 'user6' LIMIT 1
  [1m[36mUser Exists (0.3ms)[0m  [1mSELECT  1 AS one FROM "users" WHERE "users"."email" = 'user6@place.com' LIMIT 1[0m
  [1m[35mUser Exists (0.2ms)[0m  SELECT  1 AS one FROM "users" WHERE "users"."session_token" IS NULL LIMIT 1
  [1m[36m (0.1ms)[0m  [1mROLLBACK[0m
  [1m[35m (0.2ms)[0m  BEGIN
  [1m[36mUser Exists (0.4ms)[0m  [1mSELECT  1 AS one FROM "users" WHERE "users"."name" = 'user7' LIMIT 1[0m
  [1m[35mUser Exists (0.3ms)[0m  SELECT  1 AS one FROM "users" WHERE "users"."email" = 'user7@place.com' LIMIT 1
  [1m[36mUser Exists (0.4ms)[0m  [1mSELECT  1 AS one FROM "users" WHERE "users"."session_token" IS NULL LIMIT 1[0m
  [1m[35m (0.2ms)[0m  ROLLBACK
  [1m[36m (0.1ms)[0m  [1mBEGIN[0m
  [1m[35mUser Exists (0.4ms)[0m  SELECT  1 AS one FROM "users" WHERE "users"."name" = 'user8' LIMIT 1
  [1m[36mUser Exists (0.4ms)[0m  [1mSELECT  1 AS one FROM "users" WHERE "users"."email" = 'user8@place.com' LIMIT 1[0m
  [1m[35mUser Exists (0.3ms)[0m  SELECT  1 AS one FROM "users" WHERE "users"."session_token" IS NULL LIMIT 1
  [1m[36m (0.2ms)[0m  [1mROLLBACK[0m
  [1m[35m (0.2ms)[0m  BEGIN
  [1m[36mUser Exists (0.4ms)[0m  [1mSELECT  1 AS one FROM "users" WHERE "users"."name" = 'user9' LIMIT 1[0m
  [1m[35mUser Exists (0.3ms)[0m  SELECT  1 AS one FROM "users" WHERE "users"."email" = 'user9@place.com' LIMIT 1
  [1m[36mUser Exists (0.5ms)[0m  [1mSELECT  1 AS one FROM "users" WHERE "users"."session_token" IS NULL LIMIT 1[0m
  [1m[35m (0.2ms)[0m  ROLLBACK
  [1m[36m (0.2ms)[0m  [1mBEGIN[0m
  [1m[35mUser Exists (0.4ms)[0m  SELECT  1 AS one FROM "users" WHERE "users"."name" = 'user10' LIMIT 1
  [1m[36mUser Exists (0.3ms)[0m  [1mSELECT  1 AS one FROM "users" WHERE "users"."email" = 'user10@place.com' LIMIT 1[0m
  [1m[35mUser Exists (0.2ms)[0m  SELECT  1 AS one FROM "users" WHERE "users"."session_token" IS NULL LIMIT 1
  [1m[36m (0.1ms)[0m  [1mROLLBACK[0m
  [1m[35m (0.2ms)[0m  BEGIN
  [1m[36mUser Exists (0.4ms)[0m  [1mSELECT  1 AS one FROM "users" WHERE "users"."name" = 'user11' LIMIT 1[0m
  [1m[35mUser Exists (0.3ms)[0m  SELECT  1 AS one FROM "users" WHERE "users"."email" = 'user11@place.com' LIMIT 1
  [1m[36mUser Exists (0.5ms)[0m  [1mSELECT  1 AS one FROM "users" WHERE "users"."session_token" IS NULL LIMIT 1[0m
  [1m[35m (0.1ms)[0m  ROLLBACK
  [1m[36m (0.2ms)[0m  [1mBEGIN[0m
  [1m[35mUser Exists (0.4ms)[0m  SELECT  1 AS one FROM "users" WHERE "users"."name" = 'user12' LIMIT 1
  [1m[36mUser Exists (0.3ms)[0m  [1mSELECT  1 AS one FROM "users" WHERE "users"."email" = 'user12@place.com' LIMIT 1[0m
  [1m[35mUser Exists (0.5ms)[0m  SELECT  1 AS one FROM "users" WHERE "users"."session_token" IS NULL LIMIT 1
  [1m[36m (0.2ms)[0m  [1mROLLBACK[0m
  [1m[35m (0.2ms)[0m  BEGIN
  [1m[36mUser Exists (0.7ms)[0m  [1mSELECT  1 AS one FROM "users" WHERE "users"."name" = 'user13' LIMIT 1[0m
  [1m[35mUser Exists (0.5ms)[0m  SELECT  1 AS one FROM "users" WHERE "users"."email" = 'user13@place.com' LIMIT 1
  [1m[36mUser Exists (0.4ms)[0m  [1mSELECT  1 AS one FROM "users" WHERE "users"."session_token" IS NULL LIMIT 1[0m
  [1m[35m (0.2ms)[0m  ROLLBACK
  [1m[36m (0.2ms)[0m  [1mBEGIN[0m
  [1m[35mUser Exists (0.5ms)[0m  SELECT  1 AS one FROM "users" WHERE "users"."name" = 'user14' LIMIT 1
  [1m[36mUser Exists (0.5ms)[0m  [1mSELECT  1 AS one FROM "users" WHERE "users"."email" = 'user14@place.com' LIMIT 1[0m
  [1m[35mUser Exists (0.4ms)[0m  SELECT  1 AS one FROM "users" WHERE "users"."session_token" IS NULL LIMIT 1
  [1m[36m (0.1ms)[0m  [1mROLLBACK[0m
  [1m[35m (0.2ms)[0m  BEGIN
  [1m[36mUser Exists (0.4ms)[0m  [1mSELECT  1 AS one FROM "users" WHERE "users"."name" = 'user15' LIMIT 1[0m
  [1m[35mUser Exists (0.3ms)[0m  SELECT  1 AS one FROM "users" WHERE "users"."email" = 'user15@place.com' LIMIT 1
  [1m[36mUser Exists (0.2ms)[0m  [1mSELECT  1 AS one FROM "users" WHERE "users"."session_token" IS NULL LIMIT 1[0m
  [1m[35m (0.2ms)[0m  ROLLBACK
  [1m[36m (0.2ms)[0m  [1mBEGIN[0m
  [1m[35mUser Exists (0.4ms)[0m  SELECT  1 AS one FROM "users" WHERE "users"."name" = 'user16' LIMIT 1
  [1m[36mUser Exists (0.3ms)[0m  [1mSELECT  1 AS one FROM "users" WHERE "users"."email" = 'user16@place.com' LIMIT 1[0m
  [1m[35mUser Exists (0.2ms)[0m  SELECT  1 AS one FROM "users" WHERE "users"."session_token" IS NULL LIMIT 1
  [1m[36m (0.1ms)[0m  [1mROLLBACK[0m
  [1m[35m (0.2ms)[0m  BEGIN
  [1m[36mUser Exists (0.4ms)[0m  [1mSELECT  1 AS one FROM "users" WHERE "users"."name" = 'user17' LIMIT 1[0m
  [1m[35mUser Exists (0.3ms)[0m  SELECT  1 AS one FROM "users" WHERE "users"."email" = 'user17@place.com' LIMIT 1
  [1m[36mUser Exists (0.3ms)[0m  [1mSELECT  1 AS one FROM "users" WHERE "users"."session_token" IS NULL LIMIT 1[0m
  [1m[35m (0.1ms)[0m  ROLLBACK
  [1m[36m (0.1ms)[0m  [1mBEGIN[0m
  [1m[35mUser Exists (0.4ms)[0m  SELECT  1 AS one FROM "users" WHERE "users"."name" = 'user18' LIMIT 1
  [1m[36mUser Exists (0.3ms)[0m  [1mSELECT  1 AS one FROM "users" WHERE "users"."email" = 'user18@place.com' LIMIT 1[0m
  [1m[35mUser Exists (0.2ms)[0m  SELECT  1 AS one FROM "users" WHERE "users"."session_token" IS NULL LIMIT 1
  [1m[36m (0.1ms)[0m  [1mROLLBACK[0m
  [1m[35m (0.2ms)[0m  BEGIN
  [1m[36mUser Exists (0.4ms)[0m  [1mSELECT  1 AS one FROM "users" WHERE "users"."name" = 'user19' LIMIT 1[0m
  [1m[35mUser Exists (0.3ms)[0m  SELECT  1 AS one FROM "users" WHERE "users"."email" = 'user19@place.com' LIMIT 1
  [1m[36mUser Exists (0.2ms)[0m  [1mSELECT  1 AS one FROM "users" WHERE "users"."session_token" IS NULL LIMIT 1[0m
  [1m[35m (0.2ms)[0m  ROLLBACK
  [1m[36m (0.2ms)[0m  [1mBEGIN[0m
  [1m[35mUser Exists (0.4ms)[0m  SELECT  1 AS one FROM "users" WHERE "users"."name" = 'user20' LIMIT 1
  [1m[36mUser Exists (0.3ms)[0m  [1mSELECT  1 AS one FROM "users" WHERE "users"."email" = 'user20@place.com' LIMIT 1[0m
  [1m[35mUser Exists (0.2ms)[0m  SELECT  1 AS one FROM "users" WHERE "users"."session_token" IS NULL LIMIT 1
  [1m[36m (0.1ms)[0m  [1mROLLBACK[0m
  [1m[35m (0.2ms)[0m  BEGIN
  [1m[36mUser Exists (0.4ms)[0m  [1mSELECT  1 AS one FROM "users" WHERE "users"."name" = 'user21' LIMIT 1[0m
  [1m[35mUser Exists (0.3ms)[0m  SELECT  1 AS one FROM "users" WHERE "users"."email" = 'user21@place.com' LIMIT 1
  [1m[36mUser Exists (0.3ms)[0m  [1mSELECT  1 AS one FROM "users" WHERE "users"."session_token" IS NULL LIMIT 1[0m
  [1m[35m (0.2ms)[0m  ROLLBACK
  [1m[36m (119.1ms)[0m  [1mDROP DATABASE IF EXISTS "Ready_development"[0m
  [1m[35m (116.2ms)[0m  DROP DATABASE IF EXISTS "Ready_test"
  [1m[36m (241.9ms)[0m  [1mCREATE DATABASE "Ready_development" ENCODING = 'unicode'[0m
  [1m[35m (319.7ms)[0m  CREATE DATABASE "Ready_test" ENCODING = 'unicode'
  [1m[36mSQL (0.4ms)[0m  [1mCREATE EXTENSION IF NOT EXISTS "plpgsql"[0m
  [1m[35m (9.1ms)[0m  CREATE TABLE "users" ("id" serial primary key, "name" character varying NOT NULL, "email" character varying NOT NULL, "password_digest" character varying NOT NULL, "session_token" character varying NOT NULL, "librarian" boolean DEFAULT 'f', "created_at" timestamp NOT NULL, "updated_at" timestamp NOT NULL) 
  [1m[36m (1.6ms)[0m  [1mCREATE UNIQUE INDEX  "index_users_on_email" ON "users" USING btree ("email")[0m
  [1m[35m (1.4ms)[0m  CREATE UNIQUE INDEX  "index_users_on_name" ON "users" USING btree ("name")
  [1m[36m (1.6ms)[0m  [1mCREATE UNIQUE INDEX  "index_users_on_session_token" ON "users" USING btree ("session_token")[0m
  [1m[35m (3.3ms)[0m  CREATE TABLE "schema_migrations" ("version" character varying NOT NULL) 
  [1m[36m (1.5ms)[0m  [1mCREATE UNIQUE INDEX  "unique_schema_migrations" ON "schema_migrations"  ("version")[0m
  [1m[35m (0.5ms)[0m  SELECT version FROM "schema_migrations"
  [1m[36m (0.6ms)[0m  [1mINSERT INTO "schema_migrations" (version) VALUES ('20151117140000')[0m
  [1m[35mSQL (0.6ms)[0m  CREATE EXTENSION IF NOT EXISTS "plpgsql"
  [1m[36m (9.3ms)[0m  [1mCREATE TABLE "users" ("id" serial primary key, "name" character varying NOT NULL, "email" character varying NOT NULL, "password_digest" character varying NOT NULL, "session_token" character varying NOT NULL, "librarian" boolean DEFAULT 'f', "created_at" timestamp NOT NULL, "updated_at" timestamp NOT NULL) [0m
  [1m[35m (2.6ms)[0m  CREATE UNIQUE INDEX  "index_users_on_email" ON "users" USING btree ("email")
  [1m[36m (1.4ms)[0m  [1mCREATE UNIQUE INDEX  "index_users_on_name" ON "users" USING btree ("name")[0m
  [1m[35m (1.6ms)[0m  CREATE UNIQUE INDEX  "index_users_on_session_token" ON "users" USING btree ("session_token")
  [1m[36m (2.6ms)[0m  [1mCREATE TABLE "schema_migrations" ("version" character varying NOT NULL) [0m
  [1m[35m (1.4ms)[0m  CREATE UNIQUE INDEX  "unique_schema_migrations" ON "schema_migrations"  ("version")
  [1m[36m (0.5ms)[0m  [1mSELECT version FROM "schema_migrations"[0m
  [1m[35m (0.6ms)[0m  INSERT INTO "schema_migrations" (version) VALUES ('20151117140000')
  [1m[36mActiveRecord::SchemaMigration Load (0.5ms)[0m  [1mSELECT "schema_migrations".* FROM "schema_migrations"[0m
  [1m[35m (0.2ms)[0m  BEGIN
  [1m[36mUser Exists (0.9ms)[0m  [1mSELECT  1 AS one FROM "users" WHERE "users"."name" = 'admin' LIMIT 1[0m
  [1m[35mUser Exists (0.3ms)[0m  SELECT  1 AS one FROM "users" WHERE "users"."email" = 'admin@ready.com' LIMIT 1
  [1m[36mUser Exists (0.3ms)[0m  [1mSELECT  1 AS one FROM "users" WHERE "users"."session_token" IS NULL LIMIT 1[0m
  [1m[35m (0.1ms)[0m  ROLLBACK
  [1m[36m (0.2ms)[0m  [1mBEGIN[0m
  [1m[35mUser Exists (0.4ms)[0m  SELECT  1 AS one FROM "users" WHERE "users"."name" = 'user2' LIMIT 1
  [1m[36mUser Exists (0.3ms)[0m  [1mSELECT  1 AS one FROM "users" WHERE "users"."email" = 'user2@place.com' LIMIT 1[0m
  [1m[35mUser Exists (0.3ms)[0m  SELECT  1 AS one FROM "users" WHERE "users"."session_token" IS NULL LIMIT 1
  [1m[36m (0.1ms)[0m  [1mROLLBACK[0m
  [1m[35m (0.2ms)[0m  BEGIN
  [1m[36mUser Exists (0.6ms)[0m  [1mSELECT  1 AS one FROM "users" WHERE "users"."name" = 'user3' LIMIT 1[0m
  [1m[35mUser Exists (0.3ms)[0m  SELECT  1 AS one FROM "users" WHERE "users"."email" = 'user3@place.com' LIMIT 1
  [1m[36mUser Exists (0.3ms)[0m  [1mSELECT  1 AS one FROM "users" WHERE "users"."session_token" IS NULL LIMIT 1[0m
  [1m[35m (0.1ms)[0m  ROLLBACK
  [1m[36m (0.2ms)[0m  [1mBEGIN[0m
  [1m[35mUser Exists (0.4ms)[0m  SELECT  1 AS one FROM "users" WHERE "users"."name" = 'user4' LIMIT 1
  [1m[36mUser Exists (0.3ms)[0m  [1mSELECT  1 AS one FROM "users" WHERE "users"."email" = 'user4@place.com' LIMIT 1[0m
  [1m[35mUser Exists (0.3ms)[0m  SELECT  1 AS one FROM "users" WHERE "users"."session_token" IS NULL LIMIT 1
  [1m[36m (0.1ms)[0m  [1mROLLBACK[0m
  [1m[35m (0.2ms)[0m  BEGIN
  [1m[36mUser Exists (0.4ms)[0m  [1mSELECT  1 AS one FROM "users" WHERE "users"."name" = 'user5' LIMIT 1[0m
  [1m[35mUser Exists (0.3ms)[0m  SELECT  1 AS one FROM "users" WHERE "users"."email" = 'user5@place.com' LIMIT 1
  [1m[36mUser Exists (0.3ms)[0m  [1mSELECT  1 AS one FROM "users" WHERE "users"."session_token" IS NULL LIMIT 1[0m
  [1m[35m (0.1ms)[0m  ROLLBACK
  [1m[36m (0.2ms)[0m  [1mBEGIN[0m
  [1m[35mUser Exists (0.4ms)[0m  SELECT  1 AS one FROM "users" WHERE "users"."name" = 'user6' LIMIT 1
  [1m[36mUser Exists (0.5ms)[0m  [1mSELECT  1 AS one FROM "users" WHERE "users"."email" = 'user6@place.com' LIMIT 1[0m
  [1m[35mUser Exists (0.4ms)[0m  SELECT  1 AS one FROM "users" WHERE "users"."session_token" IS NULL LIMIT 1
  [1m[36m (0.3ms)[0m  [1mROLLBACK[0m
  [1m[35m (0.2ms)[0m  BEGIN
  [1m[36mUser Exists (0.4ms)[0m  [1mSELECT  1 AS one FROM "users" WHERE "users"."name" = 'user7' LIMIT 1[0m
  [1m[35mUser Exists (0.3ms)[0m  SELECT  1 AS one FROM "users" WHERE "users"."email" = 'user7@place.com' LIMIT 1
  [1m[36mUser Exists (0.3ms)[0m  [1mSELECT  1 AS one FROM "users" WHERE "users"."session_token" IS NULL LIMIT 1[0m
  [1m[35m (0.1ms)[0m  ROLLBACK
  [1m[36m (0.2ms)[0m  [1mBEGIN[0m
  [1m[35mUser Exists (0.4ms)[0m  SELECT  1 AS one FROM "users" WHERE "users"."name" = 'user8' LIMIT 1
  [1m[36mUser Exists (0.3ms)[0m  [1mSELECT  1 AS one FROM "users" WHERE "users"."email" = 'user8@place.com' LIMIT 1[0m
  [1m[35mUser Exists (0.3ms)[0m  SELECT  1 AS one FROM "users" WHERE "users"."session_token" IS NULL LIMIT 1
  [1m[36m (0.2ms)[0m  [1mROLLBACK[0m
  [1m[35m (0.2ms)[0m  BEGIN
  [1m[36mUser Exists (0.5ms)[0m  [1mSELECT  1 AS one FROM "users" WHERE "users"."name" = 'user9' LIMIT 1[0m
  [1m[35mUser Exists (0.4ms)[0m  SELECT  1 AS one FROM "users" WHERE "users"."email" = 'user9@place.com' LIMIT 1
  [1m[36mUser Exists (0.3ms)[0m  [1mSELECT  1 AS one FROM "users" WHERE "users"."session_token" IS NULL LIMIT 1[0m
  [1m[35m (0.1ms)[0m  ROLLBACK
  [1m[36m (0.2ms)[0m  [1mBEGIN[0m
  [1m[35mUser Exists (0.4ms)[0m  SELECT  1 AS one FROM "users" WHERE "users"."name" = 'user10' LIMIT 1
  [1m[36mUser Exists (0.3ms)[0m  [1mSELECT  1 AS one FROM "users" WHERE "users"."email" = 'user10@place.com' LIMIT 1[0m
  [1m[35mUser Exists (0.3ms)[0m  SELECT  1 AS one FROM "users" WHERE "users"."session_token" IS NULL LIMIT 1
  [1m[36m (0.1ms)[0m  [1mROLLBACK[0m
  [1m[35m (0.2ms)[0m  BEGIN
  [1m[36mUser Exists (0.6ms)[0m  [1mSELECT  1 AS one FROM "users" WHERE "users"."name" = 'user11' LIMIT 1[0m
  [1m[35mUser Exists (0.4ms)[0m  SELECT  1 AS one FROM "users" WHERE "users"."email" = 'user11@place.com' LIMIT 1
  [1m[36mUser Exists (0.3ms)[0m  [1mSELECT  1 AS one FROM "users" WHERE "users"."session_token" IS NULL LIMIT 1[0m
  [1m[35m (0.1ms)[0m  ROLLBACK
  [1m[36m (0.2ms)[0m  [1mBEGIN[0m
  [1m[35mUser Exists (0.4ms)[0m  SELECT  1 AS one FROM "users" WHERE "users"."name" = 'user12' LIMIT 1
  [1m[36mUser Exists (0.3ms)[0m  [1mSELECT  1 AS one FROM "users" WHERE "users"."email" = 'user12@place.com' LIMIT 1[0m
  [1m[35mUser Exists (0.3ms)[0m  SELECT  1 AS one FROM "users" WHERE "users"."session_token" IS NULL LIMIT 1
  [1m[36m (0.1ms)[0m  [1mROLLBACK[0m
  [1m[35m (0.2ms)[0m  BEGIN
  [1m[36mUser Exists (0.4ms)[0m  [1mSELECT  1 AS one FROM "users" WHERE "users"."name" = 'user13' LIMIT 1[0m
  [1m[35mUser Exists (0.3ms)[0m  SELECT  1 AS one FROM "users" WHERE "users"."email" = 'user13@place.com' LIMIT 1
  [1m[36mUser Exists (0.3ms)[0m  [1mSELECT  1 AS one FROM "users" WHERE "users"."session_token" IS NULL LIMIT 1[0m
  [1m[35m (0.3ms)[0m  ROLLBACK
  [1m[36m (0.2ms)[0m  [1mBEGIN[0m
  [1m[35mUser Exists (0.4ms)[0m  SELECT  1 AS one FROM "users" WHERE "users"."name" = 'user14' LIMIT 1
  [1m[36mUser Exists (0.3ms)[0m  [1mSELECT  1 AS one FROM "users" WHERE "users"."email" = 'user14@place.com' LIMIT 1[0m
  [1m[35mUser Exists (0.3ms)[0m  SELECT  1 AS one FROM "users" WHERE "users"."session_token" IS NULL LIMIT 1
  [1m[36m (0.1ms)[0m  [1mROLLBACK[0m
  [1m[35m (0.2ms)[0m  BEGIN
  [1m[36mUser Exists (0.4ms)[0m  [1mSELECT  1 AS one FROM "users" WHERE "users"."name" = 'user15' LIMIT 1[0m
  [1m[35mUser Exists (0.3ms)[0m  SELECT  1 AS one FROM "users" WHERE "users"."email" = 'user15@place.com' LIMIT 1
  [1m[36mUser Exists (0.3ms)[0m  [1mSELECT  1 AS one FROM "users" WHERE "users"."session_token" IS NULL LIMIT 1[0m
  [1m[35m (0.1ms)[0m  ROLLBACK
  [1m[36m (0.2ms)[0m  [1mBEGIN[0m
  [1m[35mUser Exists (0.4ms)[0m  SELECT  1 AS one FROM "users" WHERE "users"."name" = 'user16' LIMIT 1
  [1m[36mUser Exists (0.3ms)[0m  [1mSELECT  1 AS one FROM "users" WHERE "users"."email" = 'user16@place.com' LIMIT 1[0m
  [1m[35mUser Exists (0.3ms)[0m  SELECT  1 AS one FROM "users" WHERE "users"."session_token" IS NULL LIMIT 1
  [1m[36m (0.1ms)[0m  [1mROLLBACK[0m
  [1m[35m (0.2ms)[0m  BEGIN
  [1m[36mUser Exists (0.4ms)[0m  [1mSELECT  1 AS one FROM "users" WHERE "users"."name" = 'user17' LIMIT 1[0m
  [1m[35mUser Exists (0.3ms)[0m  SELECT  1 AS one FROM "users" WHERE "users"."email" = 'user17@place.com' LIMIT 1
  [1m[36mUser Exists (0.3ms)[0m  [1mSELECT  1 AS one FROM "users" WHERE "users"."session_token" IS NULL LIMIT 1[0m
  [1m[35m (0.1ms)[0m  ROLLBACK
  [1m[36m (0.2ms)[0m  [1mBEGIN[0m
  [1m[35mUser Exists (0.4ms)[0m  SELECT  1 AS one FROM "users" WHERE "users"."name" = 'user18' LIMIT 1
  [1m[36mUser Exists (0.3ms)[0m  [1mSELECT  1 AS one FROM "users" WHERE "users"."email" = 'user18@place.com' LIMIT 1[0m
  [1m[35mUser Exists (0.3ms)[0m  SELECT  1 AS one FROM "users" WHERE "users"."session_token" IS NULL LIMIT 1
  [1m[36m (0.2ms)[0m  [1mROLLBACK[0m
  [1m[35m (0.2ms)[0m  BEGIN
  [1m[36mUser Exists (0.4ms)[0m  [1mSELECT  1 AS one FROM "users" WHERE "users"."name" = 'user19' LIMIT 1[0m
  [1m[35mUser Exists (0.3ms)[0m  SELECT  1 AS one FROM "users" WHERE "users"."email" = 'user19@place.com' LIMIT 1
  [1m[36mUser Exists (0.2ms)[0m  [1mSELECT  1 AS one FROM "users" WHERE "users"."session_token" IS NULL LIMIT 1[0m
  [1m[35m (0.1ms)[0m  ROLLBACK
  [1m[36m (0.2ms)[0m  [1mBEGIN[0m
  [1m[35mUser Exists (0.4ms)[0m  SELECT  1 AS one FROM "users" WHERE "users"."name" = 'user20' LIMIT 1
  [1m[36mUser Exists (0.3ms)[0m  [1mSELECT  1 AS one FROM "users" WHERE "users"."email" = 'user20@place.com' LIMIT 1[0m
  [1m[35mUser Exists (0.3ms)[0m  SELECT  1 AS one FROM "users" WHERE "users"."session_token" IS NULL LIMIT 1
  [1m[36m (0.2ms)[0m  [1mROLLBACK[0m
  [1m[35m (0.2ms)[0m  BEGIN
  [1m[36mUser Exists (0.4ms)[0m  [1mSELECT  1 AS one FROM "users" WHERE "users"."name" = 'user21' LIMIT 1[0m
  [1m[35mUser Exists (0.3ms)[0m  SELECT  1 AS one FROM "users" WHERE "users"."email" = 'user21@place.com' LIMIT 1
  [1m[36mUser Exists (0.3ms)[0m  [1mSELECT  1 AS one FROM "users" WHERE "users"."session_token" IS NULL LIMIT 1[0m
  [1m[35m (0.2ms)[0m  ROLLBACK
  [1m[36mUser Load (1.5ms)[0m  [1mSELECT "users".* FROM "users"[0m
  [1m[36mActiveRecord::SchemaMigration Load (0.5ms)[0m  [1mSELECT "schema_migrations".* FROM "schema_migrations"[0m
  [1m[35m (0.2ms)[0m  BEGIN
  [1m[36mUser Exists (0.8ms)[0m  [1mSELECT  1 AS one FROM "users" WHERE "users"."name" = 'admin' LIMIT 1[0m
  [1m[35mUser Exists (0.6ms)[0m  SELECT  1 AS one FROM "users" WHERE "users"."email" = 'admin@ready.com' LIMIT 1
  [1m[36mUser Exists (0.4ms)[0m  [1mSELECT  1 AS one FROM "users" WHERE "users"."session_token" IS NULL LIMIT 1[0m
  [1m[35m (0.2ms)[0m  ROLLBACK
  [1m[36m (0.2ms)[0m  [1mBEGIN[0m
  [1m[35mUser Exists (0.4ms)[0m  SELECT  1 AS one FROM "users" WHERE "users"."name" = 'user2' LIMIT 1
  [1m[36mUser Exists (0.3ms)[0m  [1mSELECT  1 AS one FROM "users" WHERE "users"."email" = 'user2@place.com' LIMIT 1[0m
  [1m[35mUser Exists (0.5ms)[0m  SELECT  1 AS one FROM "users" WHERE "users"."session_token" IS NULL LIMIT 1
  [1m[36m (0.2ms)[0m  [1mROLLBACK[0m
  [1m[35m (0.2ms)[0m  BEGIN
  [1m[36mUser Exists (0.4ms)[0m  [1mSELECT  1 AS one FROM "users" WHERE "users"."name" = 'user3' LIMIT 1[0m
  [1m[35mUser Exists (0.3ms)[0m  SELECT  1 AS one FROM "users" WHERE "users"."email" = 'user3@place.com' LIMIT 1
  [1m[36mUser Exists (0.3ms)[0m  [1mSELECT  1 AS one FROM "users" WHERE "users"."session_token" IS NULL LIMIT 1[0m
  [1m[35m (0.1ms)[0m  ROLLBACK
  [1m[36m (0.2ms)[0m  [1mBEGIN[0m
  [1m[35mUser Exists (0.4ms)[0m  SELECT  1 AS one FROM "users" WHERE "users"."name" = 'user4' LIMIT 1
  [1m[36mUser Exists (0.3ms)[0m  [1mSELECT  1 AS one FROM "users" WHERE "users"."email" = 'user4@place.com' LIMIT 1[0m
  [1m[35mUser Exists (0.3ms)[0m  SELECT  1 AS one FROM "users" WHERE "users"."session_token" IS NULL LIMIT 1
  [1m[36m (0.2ms)[0m  [1mROLLBACK[0m
  [1m[35m (0.2ms)[0m  BEGIN
  [1m[36mUser Exists (0.4ms)[0m  [1mSELECT  1 AS one FROM "users" WHERE "users"."name" = 'user5' LIMIT 1[0m
  [1m[35mUser Exists (0.3ms)[0m  SELECT  1 AS one FROM "users" WHERE "users"."email" = 'user5@place.com' LIMIT 1
  [1m[36mUser Exists (0.5ms)[0m  [1mSELECT  1 AS one FROM "users" WHERE "users"."session_token" IS NULL LIMIT 1[0m
  [1m[35m (0.2ms)[0m  ROLLBACK
  [1m[36m (0.2ms)[0m  [1mBEGIN[0m
  [1m[35mUser Exists (0.4ms)[0m  SELECT  1 AS one FROM "users" WHERE "users"."name" = 'user6' LIMIT 1
  [1m[36mUser Exists (0.3ms)[0m  [1mSELECT  1 AS one FROM "users" WHERE "users"."email" = 'user6@place.com' LIMIT 1[0m
  [1m[35mUser Exists (0.2ms)[0m  SELECT  1 AS one FROM "users" WHERE "users"."session_token" IS NULL LIMIT 1
  [1m[36m (0.2ms)[0m  [1mROLLBACK[0m
  [1m[35m (0.2ms)[0m  BEGIN
  [1m[36mUser Exists (0.4ms)[0m  [1mSELECT  1 AS one FROM "users" WHERE "users"."name" = 'user7' LIMIT 1[0m
  [1m[35mUser Exists (0.3ms)[0m  SELECT  1 AS one FROM "users" WHERE "users"."email" = 'user7@place.com' LIMIT 1
  [1m[36mUser Exists (0.3ms)[0m  [1mSELECT  1 AS one FROM "users" WHERE "users"."session_token" IS NULL LIMIT 1[0m
  [1m[35m (0.1ms)[0m  ROLLBACK
  [1m[36m (0.2ms)[0m  [1mBEGIN[0m
  [1m[35mUser Exists (0.4ms)[0m  SELECT  1 AS one FROM "users" WHERE "users"."name" = 'user8' LIMIT 1
  [1m[36mUser Exists (0.3ms)[0m  [1mSELECT  1 AS one FROM "users" WHERE "users"."email" = 'user8@place.com' LIMIT 1[0m
  [1m[35mUser Exists (0.3ms)[0m  SELECT  1 AS one FROM "users" WHERE "users"."session_token" IS NULL LIMIT 1
  [1m[36m (0.2ms)[0m  [1mROLLBACK[0m
  [1m[35m (0.2ms)[0m  BEGIN
  [1m[36mUser Exists (0.4ms)[0m  [1mSELECT  1 AS one FROM "users" WHERE "users"."name" = 'user9' LIMIT 1[0m
  [1m[35mUser Exists (0.3ms)[0m  SELECT  1 AS one FROM "users" WHERE "users"."email" = 'user9@place.com' LIMIT 1
  [1m[36mUser Exists (0.2ms)[0m  [1mSELECT  1 AS one FROM "users" WHERE "users"."session_token" IS NULL LIMIT 1[0m
  [1m[35m (0.2ms)[0m  ROLLBACK
  [1m[36m (0.2ms)[0m  [1mBEGIN[0m
  [1m[35mUser Exists (0.4ms)[0m  SELECT  1 AS one FROM "users" WHERE "users"."name" = 'user10' LIMIT 1
  [1m[36mUser Exists (0.3ms)[0m  [1mSELECT  1 AS one FROM "users" WHERE "users"."email" = 'user10@place.com' LIMIT 1[0m
  [1m[35mUser Exists (0.2ms)[0m  SELECT  1 AS one FROM "users" WHERE "users"."session_token" IS NULL LIMIT 1
  [1m[36m (0.2ms)[0m  [1mROLLBACK[0m
  [1m[35m (0.2ms)[0m  BEGIN
  [1m[36mUser Exists (0.4ms)[0m  [1mSELECT  1 AS one FROM "users" WHERE "users"."name" = 'user11' LIMIT 1[0m
  [1m[35mUser Exists (0.3ms)[0m  SELECT  1 AS one FROM "users" WHERE "users"."email" = 'user11@place.com' LIMIT 1
  [1m[36mUser Exists (0.5ms)[0m  [1mSELECT  1 AS one FROM "users" WHERE "users"."session_token" IS NULL LIMIT 1[0m
  [1m[35m (0.2ms)[0m  ROLLBACK
  [1m[36m (0.1ms)[0m  [1mBEGIN[0m
  [1m[35mUser Exists (0.4ms)[0m  SELECT  1 AS one FROM "users" WHERE "users"."name" = 'user12' LIMIT 1
  [1m[36mUser Exists (0.3ms)[0m  [1mSELECT  1 AS one FROM "users" WHERE "users"."email" = 'user12@place.com' LIMIT 1[0m
  [1m[35mUser Exists (0.2ms)[0m  SELECT  1 AS one FROM "users" WHERE "users"."session_token" IS NULL LIMIT 1
  [1m[36m (0.1ms)[0m  [1mROLLBACK[0m
  [1m[35m (0.2ms)[0m  BEGIN
  [1m[36mUser Exists (0.4ms)[0m  [1mSELECT  1 AS one FROM "users" WHERE "users"."name" = 'user13' LIMIT 1[0m
  [1m[35mUser Exists (0.3ms)[0m  SELECT  1 AS one FROM "users" WHERE "users"."email" = 'user13@place.com' LIMIT 1
  [1m[36mUser Exists (0.3ms)[0m  [1mSELECT  1 AS one FROM "users" WHERE "users"."session_token" IS NULL LIMIT 1[0m
  [1m[35m (0.2ms)[0m  ROLLBACK
  [1m[36m (0.2ms)[0m  [1mBEGIN[0m
  [1m[35mUser Exists (0.4ms)[0m  SELECT  1 AS one FROM "users" WHERE "users"."name" = 'user14' LIMIT 1
  [1m[36mUser Exists (0.3ms)[0m  [1mSELECT  1 AS one FROM "users" WHERE "users"."email" = 'user14@place.com' LIMIT 1[0m
  [1m[35mUser Exists (0.3ms)[0m  SELECT  1 AS one FROM "users" WHERE "users"."session_token" IS NULL LIMIT 1
  [1m[36m (0.2ms)[0m  [1mROLLBACK[0m
  [1m[35m (0.2ms)[0m  BEGIN
  [1m[36mUser Exists (0.6ms)[0m  [1mSELECT  1 AS one FROM "users" WHERE "users"."name" = 'user15' LIMIT 1[0m
  [1m[35mUser Exists (0.4ms)[0m  SELECT  1 AS one FROM "users" WHERE "users"."email" = 'user15@place.com' LIMIT 1
  [1m[36mUser Exists (0.3ms)[0m  [1mSELECT  1 AS one FROM "users" WHERE "users"."session_token" IS NULL LIMIT 1[0m
  [1m[35m (0.1ms)[0m  ROLLBACK
  [1m[36m (0.2ms)[0m  [1mBEGIN[0m
  [1m[35mUser Exists (0.4ms)[0m  SELECT  1 AS one FROM "users" WHERE "users"."name" = 'user16' LIMIT 1
  [1m[36mUser Exists (0.3ms)[0m  [1mSELECT  1 AS one FROM "users" WHERE "users"."email" = 'user16@place.com' LIMIT 1[0m
  [1m[35mUser Exists (0.2ms)[0m  SELECT  1 AS one FROM "users" WHERE "users"."session_token" IS NULL LIMIT 1
  [1m[36m (0.1ms)[0m  [1mROLLBACK[0m
  [1m[35m (0.1ms)[0m  BEGIN
  [1m[36mUser Exists (0.4ms)[0m  [1mSELECT  1 AS one FROM "users" WHERE "users"."name" = 'user17' LIMIT 1[0m
  [1m[35mUser Exists (0.3ms)[0m  SELECT  1 AS one FROM "users" WHERE "users"."email" = 'user17@place.com' LIMIT 1
  [1m[36mUser Exists (0.3ms)[0m  [1mSELECT  1 AS one FROM "users" WHERE "users"."session_token" IS NULL LIMIT 1[0m
  [1m[35m (0.2ms)[0m  ROLLBACK
  [1m[36m (0.2ms)[0m  [1mBEGIN[0m
  [1m[35mUser Exists (0.4ms)[0m  SELECT  1 AS one FROM "users" WHERE "users"."name" = 'user18' LIMIT 1
  [1m[36mUser Exists (0.3ms)[0m  [1mSELECT  1 AS one FROM "users" WHERE "users"."email" = 'user18@place.com' LIMIT 1[0m
  [1m[35mUser Exists (0.2ms)[0m  SELECT  1 AS one FROM "users" WHERE "users"."session_token" IS NULL LIMIT 1
  [1m[36m (0.2ms)[0m  [1mROLLBACK[0m
  [1m[35m (0.2ms)[0m  BEGIN
  [1m[36mUser Exists (0.6ms)[0m  [1mSELECT  1 AS one FROM "users" WHERE "users"."name" = 'user19' LIMIT 1[0m
  [1m[35mUser Exists (0.4ms)[0m  SELECT  1 AS one FROM "users" WHERE "users"."email" = 'user19@place.com' LIMIT 1
  [1m[36mUser Exists (0.3ms)[0m  [1mSELECT  1 AS one FROM "users" WHERE "users"."session_token" IS NULL LIMIT 1[0m
  [1m[35m (0.1ms)[0m  ROLLBACK
  [1m[36m (0.1ms)[0m  [1mBEGIN[0m
  [1m[35mUser Exists (0.4ms)[0m  SELECT  1 AS one FROM "users" WHERE "users"."name" = 'user20' LIMIT 1
  [1m[36mUser Exists (0.3ms)[0m  [1mSELECT  1 AS one FROM "users" WHERE "users"."email" = 'user20@place.com' LIMIT 1[0m
  [1m[35mUser Exists (0.3ms)[0m  SELECT  1 AS one FROM "users" WHERE "users"."session_token" IS NULL LIMIT 1
  [1m[36m (0.2ms)[0m  [1mROLLBACK[0m
  [1m[35m (0.2ms)[0m  BEGIN
  [1m[36mUser Exists (0.4ms)[0m  [1mSELECT  1 AS one FROM "users" WHERE "users"."name" = 'user21' LIMIT 1[0m
  [1m[35mUser Exists (0.4ms)[0m  SELECT  1 AS one FROM "users" WHERE "users"."email" = 'user21@place.com' LIMIT 1
  [1m[36mUser Exists (0.3ms)[0m  [1mSELECT  1 AS one FROM "users" WHERE "users"."session_token" IS NULL LIMIT 1[0m
  [1m[35m (0.1ms)[0m  ROLLBACK
  [1m[35mUser Load (0.5ms)[0m  SELECT "users".* FROM "users"
  [1m[36mActiveRecord::SchemaMigration Load (0.4ms)[0m  [1mSELECT "schema_migrations".* FROM "schema_migrations"[0m
  [1m[36mActiveRecord::SchemaMigration Load (0.4ms)[0m  [1mSELECT "schema_migrations".* FROM "schema_migrations"[0m
  [1m[35m (0.2ms)[0m  BEGIN
  [1m[36mUser Exists (1.2ms)[0m  [1mSELECT  1 AS one FROM "users" WHERE "users"."name" = 'admin' LIMIT 1[0m
  [1m[35mUser Exists (0.4ms)[0m  SELECT  1 AS one FROM "users" WHERE "users"."email" = 'admin@ready.com' LIMIT 1
  [1m[36mUser Exists (0.4ms)[0m  [1mSELECT  1 AS one FROM "users" WHERE "users"."session_token" = 'PCJmmQvqBm5FnP7_4iPcdA' LIMIT 1[0m
  [1m[35mSQL (0.8ms)[0m  INSERT INTO "users" ("name", "email", "password_digest", "librarian", "session_token", "created_at", "updated_at") VALUES ($1, $2, $3, $4, $5, $6, $7) RETURNING "id"  [["name", "admin"], ["email", "admin@ready.com"], ["password_digest", "$2a$10$tun33I/aCmq.Oc0q3xLDe.ACD4H2hkkWrQuiKA/MgCtjRn50M6WS6"], ["librarian", "t"], ["session_token", "PCJmmQvqBm5FnP7_4iPcdA"], ["created_at", "2015-11-17 14:35:32.260751"], ["updated_at", "2015-11-17 14:35:32.260751"]]
  [1m[36m (0.6ms)[0m  [1mCOMMIT[0m
  [1m[35m (0.2ms)[0m  BEGIN
  [1m[36mUser Exists (0.6ms)[0m  [1mSELECT  1 AS one FROM "users" WHERE "users"."name" = 'user2' LIMIT 1[0m
  [1m[35mUser Exists (0.3ms)[0m  SELECT  1 AS one FROM "users" WHERE "users"."email" = 'user2@place.com' LIMIT 1
  [1m[36mUser Exists (0.6ms)[0m  [1mSELECT  1 AS one FROM "users" WHERE "users"."session_token" = 'KH0AbSq6Q0frtj13bagSeg' LIMIT 1[0m
  [1m[35mSQL (0.4ms)[0m  INSERT INTO "users" ("name", "email", "password_digest", "session_token", "created_at", "updated_at") VALUES ($1, $2, $3, $4, $5, $6) RETURNING "id"  [["name", "user2"], ["email", "user2@place.com"], ["password_digest", "$2a$10$AaWzCyme5VKUY3CoT1dNROjhacTdxBHAEj3o6jXgj1QLlWkLtks5S"], ["session_token", "KH0AbSq6Q0frtj13bagSeg"], ["created_at", "2015-11-17 14:35:32.340925"], ["updated_at", "2015-11-17 14:35:32.340925"]]
  [1m[36m (0.5ms)[0m  [1mCOMMIT[0m
  [1m[35m (0.2ms)[0m  BEGIN
  [1m[36mUser Exists (0.4ms)[0m  [1mSELECT  1 AS one FROM "users" WHERE "users"."name" = 'user3' LIMIT 1[0m
  [1m[35mUser Exists (0.3ms)[0m  SELECT  1 AS one FROM "users" WHERE "users"."email" = 'user3@place.com' LIMIT 1
  [1m[36mUser Exists (0.3ms)[0m  [1mSELECT  1 AS one FROM "users" WHERE "users"."session_token" = 'kV-dSAJACMTVCg7Y5EUTEQ' LIMIT 1[0m
  [1m[35mSQL (0.3ms)[0m  INSERT INTO "users" ("name", "email", "password_digest", "session_token", "created_at", "updated_at") VALUES ($1, $2, $3, $4, $5, $6) RETURNING "id"  [["name", "user3"], ["email", "user3@place.com"], ["password_digest", "$2a$10$a6R0nODDqRrS1g7EIfeS3ukhtI8STYRIxYUYBZvOGwm/f4Oed4uUq"], ["session_token", "kV-dSAJACMTVCg7Y5EUTEQ"], ["created_at", "2015-11-17 14:35:32.420874"], ["updated_at", "2015-11-17 14:35:32.420874"]]
  [1m[36m (0.4ms)[0m  [1mCOMMIT[0m
  [1m[35m (0.2ms)[0m  BEGIN
  [1m[36mUser Exists (0.4ms)[0m  [1mSELECT  1 AS one FROM "users" WHERE "users"."name" = 'user4' LIMIT 1[0m
  [1m[35mUser Exists (0.3ms)[0m  SELECT  1 AS one FROM "users" WHERE "users"."email" = 'user4@place.com' LIMIT 1
  [1m[36mUser Exists (0.3ms)[0m  [1mSELECT  1 AS one FROM "users" WHERE "users"."session_token" = 'r64a3iVJXLfwg2QP30OaLQ' LIMIT 1[0m
  [1m[35mSQL (0.3ms)[0m  INSERT INTO "users" ("name", "email", "password_digest", "session_token", "created_at", "updated_at") VALUES ($1, $2, $3, $4, $5, $6) RETURNING "id"  [["name", "user4"], ["email", "user4@place.com"], ["password_digest", "$2a$10$4EcdvZDZI5Q7EZmzno/AKuQy02hk.DKjeZbmRffvkC0HSQ3fn0auC"], ["session_token", "r64a3iVJXLfwg2QP30OaLQ"], ["created_at", "2015-11-17 14:35:32.500869"], ["updated_at", "2015-11-17 14:35:32.500869"]]
  [1m[36m (0.5ms)[0m  [1mCOMMIT[0m
  [1m[35m (0.1ms)[0m  BEGIN
  [1m[36mUser Exists (0.4ms)[0m  [1mSELECT  1 AS one FROM "users" WHERE "users"."name" = 'user5' LIMIT 1[0m
  [1m[35mUser Exists (0.3ms)[0m  SELECT  1 AS one FROM "users" WHERE "users"."email" = 'user5@place.com' LIMIT 1
  [1m[36mUser Exists (0.3ms)[0m  [1mSELECT  1 AS one FROM "users" WHERE "users"."session_token" = 'jRdc25yIvNTLATrUYYbxpQ' LIMIT 1[0m
  [1m[35mSQL (0.3ms)[0m  INSERT INTO "users" ("name", "email", "password_digest", "session_token", "created_at", "updated_at") VALUES ($1, $2, $3, $4, $5, $6) RETURNING "id"  [["name", "user5"], ["email", "user5@place.com"], ["password_digest", "$2a$10$rm.N98HeQuO90CcyYPcIm.KZJtjv8xass9io6.mWwFLOPaNhsRDdC"], ["session_token", "jRdc25yIvNTLATrUYYbxpQ"], ["created_at", "2015-11-17 14:35:32.580967"], ["updated_at", "2015-11-17 14:35:32.580967"]]
  [1m[36m (0.5ms)[0m  [1mCOMMIT[0m
  [1m[35m (0.2ms)[0m  BEGIN
  [1m[36mUser Exists (0.4ms)[0m  [1mSELECT  1 AS one FROM "users" WHERE "users"."name" = 'user6' LIMIT 1[0m
  [1m[35mUser Exists (0.3ms)[0m  SELECT  1 AS one FROM "users" WHERE "users"."email" = 'user6@place.com' LIMIT 1
  [1m[36mUser Exists (0.3ms)[0m  [1mSELECT  1 AS one FROM "users" WHERE "users"."session_token" = '-MitQWn6UsMbkQlp4Zal7g' LIMIT 1[0m
  [1m[35mSQL (0.3ms)[0m  INSERT INTO "users" ("name", "email", "password_digest", "session_token", "created_at", "updated_at") VALUES ($1, $2, $3, $4, $5, $6) RETURNING "id"  [["name", "user6"], ["email", "user6@place.com"], ["password_digest", "$2a$10$W9/po1GAC/.t/UoK7olwBOV1/0.udmdQWBZkL.hvdNKKPiKxuVrsS"], ["session_token", "-MitQWn6UsMbkQlp4Zal7g"], ["created_at", "2015-11-17 14:35:32.657623"], ["updated_at", "2015-11-17 14:35:32.657623"]]
  [1m[36m (0.5ms)[0m  [1mCOMMIT[0m
  [1m[35m (0.2ms)[0m  BEGIN
  [1m[36mUser Exists (0.7ms)[0m  [1mSELECT  1 AS one FROM "users" WHERE "users"."name" = 'user7' LIMIT 1[0m
  [1m[35mUser Exists (0.3ms)[0m  SELECT  1 AS one FROM "users" WHERE "users"."email" = 'user7@place.com' LIMIT 1
  [1m[36mUser Exists (0.5ms)[0m  [1mSELECT  1 AS one FROM "users" WHERE "users"."session_token" = 'uAqeeR0_JEvuTQ6rAU-d2g' LIMIT 1[0m
  [1m[35mSQL (0.4ms)[0m  INSERT INTO "users" ("name", "email", "password_digest", "session_token", "created_at", "updated_at") VALUES ($1, $2, $3, $4, $5, $6) RETURNING "id"  [["name", "user7"], ["email", "user7@place.com"], ["password_digest", "$2a$10$n5zz5B6PaJ75R5Mhd4KqV.h/K9JUaN8dof4iRXeJMhf.OeszFAvaW"], ["session_token", "uAqeeR0_JEvuTQ6rAU-d2g"], ["created_at", "2015-11-17 14:35:32.732095"], ["updated_at", "2015-11-17 14:35:32.732095"]]
  [1m[36m (0.5ms)[0m  [1mCOMMIT[0m
  [1m[35m (0.2ms)[0m  BEGIN
  [1m[36mUser Exists (0.4ms)[0m  [1mSELECT  1 AS one FROM "users" WHERE "users"."name" = 'user8' LIMIT 1[0m
  [1m[35mUser Exists (0.3ms)[0m  SELECT  1 AS one FROM "users" WHERE "users"."email" = 'user8@place.com' LIMIT 1
  [1m[36mUser Exists (0.5ms)[0m  [1mSELECT  1 AS one FROM "users" WHERE "users"."session_token" = '-v_HS6w2vd-3xJSaCh_AbQ' LIMIT 1[0m
  [1m[35mSQL (0.4ms)[0m  INSERT INTO "users" ("name", "email", "password_digest", "session_token", "created_at", "updated_at") VALUES ($1, $2, $3, $4, $5, $6) RETURNING "id"  [["name", "user8"], ["email", "user8@place.com"], ["password_digest", "$2a$10$Ta8UmdVWAObegKoNQTgTbubTb10kn8ml17c4ZNWg3Sc8.nJrperwW"], ["session_token", "-v_HS6w2vd-3xJSaCh_AbQ"], ["created_at", "2015-11-17 14:35:32.811138"], ["updated_at", "2015-11-17 14:35:32.811138"]]
  [1m[36m (0.5ms)[0m  [1mCOMMIT[0m
  [1m[35m (0.1ms)[0m  BEGIN
  [1m[36mUser Exists (0.4ms)[0m  [1mSELECT  1 AS one FROM "users" WHERE "users"."name" = 'user9' LIMIT 1[0m
  [1m[35mUser Exists (0.3ms)[0m  SELECT  1 AS one FROM "users" WHERE "users"."email" = 'user9@place.com' LIMIT 1
  [1m[36mUser Exists (0.3ms)[0m  [1mSELECT  1 AS one FROM "users" WHERE "users"."session_token" = 'ztRWkUt9ACPcPI680wtlRA' LIMIT 1[0m
  [1m[35mSQL (0.2ms)[0m  INSERT INTO "users" ("name", "email", "password_digest", "session_token", "created_at", "updated_at") VALUES ($1, $2, $3, $4, $5, $6) RETURNING "id"  [["name", "user9"], ["email", "user9@place.com"], ["password_digest", "$2a$10$uTgFDpVgrRtfcauAeejo2OfHaVG9RVqYN0BhqgGfjUYARdttqMTle"], ["session_token", "ztRWkUt9ACPcPI680wtlRA"], ["created_at", "2015-11-17 14:35:32.891349"], ["updated_at", "2015-11-17 14:35:32.891349"]]
  [1m[36m (0.4ms)[0m  [1mCOMMIT[0m
  [1m[35m (0.2ms)[0m  BEGIN
  [1m[36mUser Exists (0.4ms)[0m  [1mSELECT  1 AS one FROM "users" WHERE "users"."name" = 'user10' LIMIT 1[0m
  [1m[35mUser Exists (0.3ms)[0m  SELECT  1 AS one FROM "users" WHERE "users"."email" = 'user10@place.com' LIMIT 1
  [1m[36mUser Exists (0.3ms)[0m  [1mSELECT  1 AS one FROM "users" WHERE "users"."session_token" = '4i8Ao3qnoeZjptqtg8-akQ' LIMIT 1[0m
  [1m[35mSQL (0.2ms)[0m  INSERT INTO "users" ("name", "email", "password_digest", "session_token", "created_at", "updated_at") VALUES ($1, $2, $3, $4, $5, $6) RETURNING "id"  [["name", "user10"], ["email", "user10@place.com"], ["password_digest", "$2a$10$QJvutc4Rlz6Pnw.JztSf0eVujvauiklFzpZf2WuiSuOla0ZMTsAoW"], ["session_token", "4i8Ao3qnoeZjptqtg8-akQ"], ["created_at", "2015-11-17 14:35:32.970816"], ["updated_at", "2015-11-17 14:35:32.970816"]]
  [1m[36m (0.4ms)[0m  [1mCOMMIT[0m
  [1m[35m (0.2ms)[0m  BEGIN
  [1m[36mUser Exists (0.4ms)[0m  [1mSELECT  1 AS one FROM "users" WHERE "users"."name" = 'user11' LIMIT 1[0m
  [1m[35mUser Exists (0.3ms)[0m  SELECT  1 AS one FROM "users" WHERE "users"."email" = 'user11@place.com' LIMIT 1
  [1m[36mUser Exists (0.3ms)[0m  [1mSELECT  1 AS one FROM "users" WHERE "users"."session_token" = 'mukxXOC3O44DYciIFPwq7g' LIMIT 1[0m
  [1m[35mSQL (0.3ms)[0m  INSERT INTO "users" ("name", "email", "password_digest", "session_token", "created_at", "updated_at") VALUES ($1, $2, $3, $4, $5, $6) RETURNING "id"  [["name", "user11"], ["email", "user11@place.com"], ["password_digest", "$2a$10$ieRTJGWkcI3ckLOoNxwIHeh7Kg27tAlLfsuYQPtrAIZtVbmjgnwC."], ["session_token", "mukxXOC3O44DYciIFPwq7g"], ["created_at", "2015-11-17 14:35:33.046512"], ["updated_at", "2015-11-17 14:35:33.046512"]]
  [1m[36m (0.5ms)[0m  [1mCOMMIT[0m
  [1m[35m (0.2ms)[0m  BEGIN
  [1m[36mUser Exists (0.6ms)[0m  [1mSELECT  1 AS one FROM "users" WHERE "users"."name" = 'user12' LIMIT 1[0m
  [1m[35mUser Exists (0.3ms)[0m  SELECT  1 AS one FROM "users" WHERE "users"."email" = 'user12@place.com' LIMIT 1
  [1m[36mUser Exists (0.3ms)[0m  [1mSELECT  1 AS one FROM "users" WHERE "users"."session_token" = 'ZZBARQVEPkv-V6t_iy6M3g' LIMIT 1[0m
  [1m[35mSQL (0.2ms)[0m  INSERT INTO "users" ("name", "email", "password_digest", "session_token", "created_at", "updated_at") VALUES ($1, $2, $3, $4, $5, $6) RETURNING "id"  [["name", "user12"], ["email", "user12@place.com"], ["password_digest", "$2a$10$FdhZDcvRulhQvkBLsFAdaerPrNEekddtXwY4pT9EO3qRzJBpKel3m"], ["session_token", "ZZBARQVEPkv-V6t_iy6M3g"], ["created_at", "2015-11-17 14:35:33.128130"], ["updated_at", "2015-11-17 14:35:33.128130"]]
  [1m[36m (0.4ms)[0m  [1mCOMMIT[0m
  [1m[35m (0.2ms)[0m  BEGIN
  [1m[36mUser Exists (0.4ms)[0m  [1mSELECT  1 AS one FROM "users" WHERE "users"."name" = 'user13' LIMIT 1[0m
  [1m[35mUser Exists (0.3ms)[0m  SELECT  1 AS one FROM "users" WHERE "users"."email" = 'user13@place.com' LIMIT 1
  [1m[36mUser Exists (0.3ms)[0m  [1mSELECT  1 AS one FROM "users" WHERE "users"."session_token" = 'BVQ4-kxOtUdkZh9FwASNJQ' LIMIT 1[0m
  [1m[35mSQL (0.3ms)[0m  INSERT INTO "users" ("name", "email", "password_digest", "session_token", "created_at", "updated_at") VALUES ($1, $2, $3, $4, $5, $6) RETURNING "id"  [["name", "user13"], ["email", "user13@place.com"], ["password_digest", "$2a$10$b1leWeFE35Fwyw//qMFvtuhyId1.WCAjpyiioo2zZuIUm9Nt30fNO"], ["session_token", "BVQ4-kxOtUdkZh9FwASNJQ"], ["created_at", "2015-11-17 14:35:33.204205"], ["updated_at", "2015-11-17 14:35:33.204205"]]
  [1m[36m (0.6ms)[0m  [1mCOMMIT[0m
  [1m[35m (0.2ms)[0m  BEGIN
  [1m[36mUser Exists (0.4ms)[0m  [1mSELECT  1 AS one FROM "users" WHERE "users"."name" = 'user14' LIMIT 1[0m
  [1m[35mUser Exists (0.3ms)[0m  SELECT  1 AS one FROM "users" WHERE "users"."email" = 'user14@place.com' LIMIT 1
  [1m[36mUser Exists (0.5ms)[0m  [1mSELECT  1 AS one FROM "users" WHERE "users"."session_token" = '8k7WcDZ9MKzoFeP780BufQ' LIMIT 1[0m
  [1m[35mSQL (0.4ms)[0m  INSERT INTO "users" ("name", "email", "password_digest", "session_token", "created_at", "updated_at") VALUES ($1, $2, $3, $4, $5, $6) RETURNING "id"  [["name", "user14"], ["email", "user14@place.com"], ["password_digest", "$2a$10$Rsp1IIFThyuJL0Hm3HkBMONjHytXOtwsKsDzTGdVpFdnm86obBa6K"], ["session_token", "8k7WcDZ9MKzoFeP780BufQ"], ["created_at", "2015-11-17 14:35:33.280983"], ["updated_at", "2015-11-17 14:35:33.280983"]]
  [1m[36m (0.5ms)[0m  [1mCOMMIT[0m
  [1m[35m (0.1ms)[0m  BEGIN
  [1m[36mUser Exists (0.4ms)[0m  [1mSELECT  1 AS one FROM "users" WHERE "users"."name" = 'user15' LIMIT 1[0m
  [1m[35mUser Exists (0.3ms)[0m  SELECT  1 AS one FROM "users" WHERE "users"."email" = 'user15@place.com' LIMIT 1
  [1m[36mUser Exists (0.3ms)[0m  [1mSELECT  1 AS one FROM "users" WHERE "users"."session_token" = 'rXdd5YTfiyKyDU3D6U8lsg' LIMIT 1[0m
  [1m[35mSQL (0.3ms)[0m  INSERT INTO "users" ("name", "email", "password_digest", "session_token", "created_at", "updated_at") VALUES ($1, $2, $3, $4, $5, $6) RETURNING "id"  [["name", "user15"], ["email", "user15@place.com"], ["password_digest", "$2a$10$TLhLwrhFL33WeSe.lv429emBUYuks4a7PpvYrNvoBdysAFTRYQ9fC"], ["session_token", "rXdd5YTfiyKyDU3D6U8lsg"], ["created_at", "2015-11-17 14:35:33.368993"], ["updated_at", "2015-11-17 14:35:33.368993"]]
  [1m[36m (20.2ms)[0m  [1mCOMMIT[0m
  [1m[35m (0.2ms)[0m  BEGIN
  [1m[36mUser Exists (0.4ms)[0m  [1mSELECT  1 AS one FROM "users" WHERE "users"."name" = 'user16' LIMIT 1[0m
  [1m[35mUser Exists (0.3ms)[0m  SELECT  1 AS one FROM "users" WHERE "users"."email" = 'user16@place.com' LIMIT 1
  [1m[36mUser Exists (0.3ms)[0m  [1mSELECT  1 AS one FROM "users" WHERE "users"."session_token" = '9PtRILPoB04VP_JwtnBSQQ' LIMIT 1[0m
  [1m[35mSQL (0.3ms)[0m  INSERT INTO "users" ("name", "email", "password_digest", "session_token", "created_at", "updated_at") VALUES ($1, $2, $3, $4, $5, $6) RETURNING "id"  [["name", "user16"], ["email", "user16@place.com"], ["password_digest", "$2a$10$1RPyTXXBzu4sqnU4pLsRM.Wq1CdhNmcJHl2FVmUh1AsCTCAEOSzKC"], ["session_token", "9PtRILPoB04VP_JwtnBSQQ"], ["created_at", "2015-11-17 14:35:33.469075"], ["updated_at", "2015-11-17 14:35:33.469075"]]
  [1m[36m (136.7ms)[0m  [1mCOMMIT[0m
  [1m[35m (0.1ms)[0m  BEGIN
  [1m[36mUser Exists (0.4ms)[0m  [1mSELECT  1 AS one FROM "users" WHERE "users"."name" = 'user17' LIMIT 1[0m
  [1m[35mUser Exists (0.3ms)[0m  SELECT  1 AS one FROM "users" WHERE "users"."email" = 'user17@place.com' LIMIT 1
  [1m[36mUser Exists (0.3ms)[0m  [1mSELECT  1 AS one FROM "users" WHERE "users"."session_token" = 'KGmItexlIqtY4I35Y_wYiA' LIMIT 1[0m
  [1m[35mSQL (0.3ms)[0m  INSERT INTO "users" ("name", "email", "password_digest", "session_token", "created_at", "updated_at") VALUES ($1, $2, $3, $4, $5, $6) RETURNING "id"  [["name", "user17"], ["email", "user17@place.com"], ["password_digest", "$2a$10$MT7mm5j./.J8DYmjoRPwE.2pnfCd.w4v8GFZsYtwcdrE29EdCBJFO"], ["session_token", "KGmItexlIqtY4I35Y_wYiA"], ["created_at", "2015-11-17 14:35:33.689066"], ["updated_at", "2015-11-17 14:35:33.689066"]]
  [1m[36m (0.4ms)[0m  [1mCOMMIT[0m
  [1m[35m (0.2ms)[0m  BEGIN
  [1m[36mUser Exists (0.4ms)[0m  [1mSELECT  1 AS one FROM "users" WHERE "users"."name" = 'user18' LIMIT 1[0m
  [1m[35mUser Exists (0.3ms)[0m  SELECT  1 AS one FROM "users" WHERE "users"."email" = 'user18@place.com' LIMIT 1
  [1m[36mUser Exists (0.3ms)[0m  [1mSELECT  1 AS one FROM "users" WHERE "users"."session_token" = 'lo6tsXXSLkzqkbu5qpubyw' LIMIT 1[0m
  [1m[35mSQL (0.3ms)[0m  INSERT INTO "users" ("name", "email", "password_digest", "session_token", "created_at", "updated_at") VALUES ($1, $2, $3, $4, $5, $6) RETURNING "id"  [["name", "user18"], ["email", "user18@place.com"], ["password_digest", "$2a$10$ckyyV9hkIPL/gZQceqSKe.eb0vnoiUB9UckUXRA/v/wavsDgho/pS"], ["session_token", "lo6tsXXSLkzqkbu5qpubyw"], ["created_at", "2015-11-17 14:35:33.771505"], ["updated_at", "2015-11-17 14:35:33.771505"]]
  [1m[36m (0.5ms)[0m  [1mCOMMIT[0m
  [1m[35m (0.1ms)[0m  BEGIN
  [1m[36mUser Exists (0.4ms)[0m  [1mSELECT  1 AS one FROM "users" WHERE "users"."name" = 'user19' LIMIT 1[0m
  [1m[35mUser Exists (0.3ms)[0m  SELECT  1 AS one FROM "users" WHERE "users"."email" = 'user19@place.com' LIMIT 1
  [1m[36mUser Exists (0.3ms)[0m  [1mSELECT  1 AS one FROM "users" WHERE "users"."session_token" = 'xvT63W3wX4Po8ecKae5shw' LIMIT 1[0m
  [1m[35mSQL (0.3ms)[0m  INSERT INTO "users" ("name", "email", "password_digest", "session_token", "created_at", "updated_at") VALUES ($1, $2, $3, $4, $5, $6) RETURNING "id"  [["name", "user19"], ["email", "user19@place.com"], ["password_digest", "$2a$10$oCXT.qbKyujuvGsDyLWYIubhEavClxB0NpYbnB/RN92U2WqtmP7iu"], ["session_token", "xvT63W3wX4Po8ecKae5shw"], ["created_at", "2015-11-17 14:35:33.850830"], ["updated_at", "2015-11-17 14:35:33.850830"]]
  [1m[36m (0.4ms)[0m  [1mCOMMIT[0m
  [1m[35m (0.2ms)[0m  BEGIN
  [1m[36mUser Exists (0.4ms)[0m  [1mSELECT  1 AS one FROM "users" WHERE "users"."name" = 'user20' LIMIT 1[0m
  [1m[35mUser Exists (0.3ms)[0m  SELECT  1 AS one FROM "users" WHERE "users"."email" = 'user20@place.com' LIMIT 1
  [1m[36mUser Exists (0.3ms)[0m  [1mSELECT  1 AS one FROM "users" WHERE "users"."session_token" = 'sIDAC3sud2_ssVyAYBswrA' LIMIT 1[0m
  [1m[35mSQL (0.2ms)[0m  INSERT INTO "users" ("name", "email", "password_digest", "session_token", "created_at", "updated_at") VALUES ($1, $2, $3, $4, $5, $6) RETURNING "id"  [["name", "user20"], ["email", "user20@place.com"], ["password_digest", "$2a$10$f2U4aubLsLT8QJqzWDk0A.bEnTqCa9iOjBaV2f9sVG1avcLjXUpIa"], ["session_token", "sIDAC3sud2_ssVyAYBswrA"], ["created_at", "2015-11-17 14:35:33.930387"], ["updated_at", "2015-11-17 14:35:33.930387"]]
  [1m[36m (0.4ms)[0m  [1mCOMMIT[0m
  [1m[35m (0.2ms)[0m  BEGIN
  [1m[36mUser Exists (0.4ms)[0m  [1mSELECT  1 AS one FROM "users" WHERE "users"."name" = 'user21' LIMIT 1[0m
  [1m[35mUser Exists (0.3ms)[0m  SELECT  1 AS one FROM "users" WHERE "users"."email" = 'user21@place.com' LIMIT 1
  [1m[36mUser Exists (0.3ms)[0m  [1mSELECT  1 AS one FROM "users" WHERE "users"."session_token" = 'X3Un7iQ6DeGpOfVjyluCog' LIMIT 1[0m
  [1m[35mSQL (0.3ms)[0m  INSERT INTO "users" ("name", "email", "password_digest", "session_token", "created_at", "updated_at") VALUES ($1, $2, $3, $4, $5, $6) RETURNING "id"  [["name", "user21"], ["email", "user21@place.com"], ["password_digest", "$2a$10$ZQzeMYDMc8oEOlabomRARuVQUvTHLKlBUjdxSNHFtEoBdTCa01ClW"], ["session_token", "X3Un7iQ6DeGpOfVjyluCog"], ["created_at", "2015-11-17 14:35:34.005113"], ["updated_at", "2015-11-17 14:35:34.005113"]]
  [1m[36m (0.5ms)[0m  [1mCOMMIT[0m
  [1m[36mUser Load (0.9ms)[0m  [1mSELECT "users".* FROM "users"[0m


Started GET "/" for ::1 at 2015-11-17 10:03:38 -0500
  [1m[36mActiveRecord::SchemaMigration Load (0.8ms)[0m  [1mSELECT "schema_migrations".* FROM "schema_migrations"[0m
Processing by Rails::WelcomeController#index as HTML
  Rendered /usr/local/var/rbenv/versions/2.1.2/lib/ruby/gems/2.1.0/gems/railties-4.2.4/lib/rails/templates/rails/welcome/index.html.erb (11.1ms)
Completed 200 OK in 59ms (Views: 37.8ms | ActiveRecord: 0.0ms)


Started GET "/" for ::1 at 2015-11-17 10:04:58 -0500
  [1m[36mActiveRecord::SchemaMigration Load (0.9ms)[0m  [1mSELECT "schema_migrations".* FROM "schema_migrations"[0m

ActionController::RoutingError - uninitialized constant SessionController:
  actionpack (4.2.4) lib/action_dispatch/routing/route_set.rb:65:in `rescue in controller'
  actionpack (4.2.4) lib/action_dispatch/routing/route_set.rb:60:in `controller'
  actionpack (4.2.4) lib/action_dispatch/routing/route_set.rb:41:in `serve'
  actionpack (4.2.4) lib/action_dispatch/journey/router.rb:43:in `block in serve'
  actionpack (4.2.4) lib/action_dispatch/journey/router.rb:30:in `serve'
  actionpack (4.2.4) lib/action_dispatch/routing/route_set.rb:821:in `call'
  rack (1.6.4) lib/rack/etag.rb:24:in `call'
  rack (1.6.4) lib/rack/conditionalget.rb:25:in `call'
  rack (1.6.4) lib/rack/head.rb:13:in `call'
  actionpack (4.2.4) lib/action_dispatch/middleware/params_parser.rb:27:in `call'
  actionpack (4.2.4) lib/action_dispatch/middleware/flash.rb:260:in `call'
  rack (1.6.4) lib/rack/session/abstract/id.rb:225:in `context'
  rack (1.6.4) lib/rack/session/abstract/id.rb:220:in `call'
  actionpack (4.2.4) lib/action_dispatch/middleware/cookies.rb:560:in `call'
  activerecord (4.2.4) lib/active_record/query_cache.rb:36:in `call'
  activerecord (4.2.4) lib/active_record/connection_adapters/abstract/connection_pool.rb:653:in `call'
  activerecord (4.2.4) lib/active_record/migration.rb:377:in `call'
  actionpack (4.2.4) lib/action_dispatch/middleware/callbacks.rb:29:in `block in call'
  activesupport (4.2.4) lib/active_support/callbacks.rb:88:in `__run_callbacks__'
  activesupport (4.2.4) lib/active_support/callbacks.rb:778:in `_run_call_callbacks'
  activesupport (4.2.4) lib/active_support/callbacks.rb:81:in `run_callbacks'
  actionpack (4.2.4) lib/action_dispatch/middleware/callbacks.rb:27:in `call'
  actionpack (4.2.4) lib/action_dispatch/middleware/reloader.rb:73:in `call'
  actionpack (4.2.4) lib/action_dispatch/middleware/remote_ip.rb:78:in `call'
  better_errors (2.1.1) lib/better_errors/middleware.rb:84:in `protected_app_call'
  better_errors (2.1.1) lib/better_errors/middleware.rb:79:in `better_errors_call'
  better_errors (2.1.1) lib/better_errors/middleware.rb:57:in `call'
  actionpack (4.2.4) lib/action_dispatch/middleware/debug_exceptions.rb:17:in `call'
  web-console (2.2.1) lib/web_console/middleware.rb:39:in `call'
  actionpack (4.2.4) lib/action_dispatch/middleware/show_exceptions.rb:30:in `call'
  railties (4.2.4) lib/rails/rack/logger.rb:38:in `call_app'
  railties (4.2.4) lib/rails/rack/logger.rb:20:in `block in call'
  activesupport (4.2.4) lib/active_support/tagged_logging.rb:68:in `block in tagged'
  activesupport (4.2.4) lib/active_support/tagged_logging.rb:26:in `tagged'
  activesupport (4.2.4) lib/active_support/tagged_logging.rb:68:in `tagged'
  railties (4.2.4) lib/rails/rack/logger.rb:20:in `call'
  actionpack (4.2.4) lib/action_dispatch/middleware/request_id.rb:21:in `call'
  rack (1.6.4) lib/rack/methodoverride.rb:22:in `call'
  rack (1.6.4) lib/rack/runtime.rb:18:in `call'
  activesupport (4.2.4) lib/active_support/cache/strategy/local_cache_middleware.rb:28:in `call'
  rack (1.6.4) lib/rack/lock.rb:17:in `call'
  actionpack (4.2.4) lib/action_dispatch/middleware/static.rb:116:in `call'
  rack (1.6.4) lib/rack/sendfile.rb:113:in `call'
  railties (4.2.4) lib/rails/engine.rb:518:in `call'
  railties (4.2.4) lib/rails/application.rb:165:in `call'
  rack (1.6.4) lib/rack/lock.rb:17:in `call'
  rack (1.6.4) lib/rack/content_length.rb:15:in `call'
  rack (1.6.4) lib/rack/handler/webrick.rb:88:in `service'
  /usr/local/var/rbenv/versions/2.1.2/lib/ruby/2.1.0/webrick/httpserver.rb:138:in `service'
  /usr/local/var/rbenv/versions/2.1.2/lib/ruby/2.1.0/webrick/httpserver.rb:94:in `run'
  /usr/local/var/rbenv/versions/2.1.2/lib/ruby/2.1.0/webrick/server.rb:295:in `block in start_thread'



Started POST "/__better_errors/ace2f2347417fbdd/variables" for ::1 at 2015-11-17 10:04:59 -0500


Started GET "/" for ::1 at 2015-11-17 10:05:42 -0500
  [1m[36mActiveRecord::SchemaMigration Load (0.5ms)[0m  [1mSELECT "schema_migrations".* FROM "schema_migrations"[0m
Processing by SessionsController#new as HTML
  Rendered sessions/new.html.erb within layouts/application (14.0ms)
Completed 500 Internal Server Error in 473ms (ActiveRecord: 4.5ms)

Sprockets::FileNotFound - couldn't find file 'react_router.min.js' with type 'application/javascript':
  sprockets (3.4.0) lib/sprockets/directive_processor.rb:182:in `rescue in block in process_directives'
  sprockets (3.4.0) lib/sprockets/directive_processor.rb:179:in `block in process_directives'
  sprockets (3.4.0) lib/sprockets/directive_processor.rb:178:in `process_directives'
  sprockets (3.4.0) lib/sprockets/directive_processor.rb:83:in `_call'
  sprockets (3.4.0) lib/sprockets/directive_processor.rb:68:in `call'
  sprockets (3.4.0) lib/sprockets/processor_utils.rb:75:in `call_processor'
  sprockets (3.4.0) lib/sprockets/processor_utils.rb:57:in `block in call_processors'
  sprockets (3.4.0) lib/sprockets/processor_utils.rb:56:in `call_processors'
  sprockets (3.4.0) lib/sprockets/loader.rb:134:in `load_from_unloaded'
  sprockets (3.4.0) lib/sprockets/loader.rb:60:in `block in load'
  sprockets (3.4.0) lib/sprockets/loader.rb:318:in `fetch_asset_from_dependency_cache'
  sprockets (3.4.0) lib/sprockets/loader.rb:44:in `load'
  sprockets (3.4.0) lib/sprockets/cached_environment.rb:20:in `block in initialize'
  sprockets (3.4.0) lib/sprockets/cached_environment.rb:47:in `load'
  sprockets (3.4.0) lib/sprockets/bundle.rb:23:in `block in call'
  sprockets (3.4.0) lib/sprockets/utils.rb:183:in `dfs'
  sprockets (3.4.0) lib/sprockets/bundle.rb:24:in `call'
  sprockets (3.4.0) lib/sprockets/processor_utils.rb:75:in `call_processor'
  sprockets (3.4.0) lib/sprockets/processor_utils.rb:57:in `block in call_processors'
  sprockets (3.4.0) lib/sprockets/processor_utils.rb:56:in `call_processors'
  sprockets (3.4.0) lib/sprockets/loader.rb:134:in `load_from_unloaded'
  sprockets (3.4.0) lib/sprockets/loader.rb:60:in `block in load'
  sprockets (3.4.0) lib/sprockets/loader.rb:318:in `fetch_asset_from_dependency_cache'
  sprockets (3.4.0) lib/sprockets/loader.rb:44:in `load'
  sprockets (3.4.0) lib/sprockets/cached_environment.rb:20:in `block in initialize'
  sprockets (3.4.0) lib/sprockets/cached_environment.rb:47:in `load'
  sprockets (3.4.0) lib/sprockets/base.rb:66:in `find_asset'
  sprockets (3.4.0) lib/sprockets/environment.rb:30:in `find_asset'
  sprockets (3.4.0) lib/sprockets/base.rb:92:in `[]'
  sprockets-rails (2.3.3) lib/sprockets/rails/helper.rb:230:in `lookup_asset_for_path'
  sprockets-rails (2.3.3) lib/sprockets/rails/helper.rb:190:in `check_errors_for'
  sprockets-rails (2.3.3) lib/sprockets/rails/helper.rb:137:in `block in javascript_include_tag'
  sprockets-rails (2.3.3) lib/sprockets/rails/helper.rb:136:in `javascript_include_tag'
  app/views/layouts/application.html.erb:6:in `_app_views_layouts_application_html_erb__3157180277074272489_70140760471380'
  actionview (4.2.4) lib/action_view/template.rb:145:in `block in render'
  activesupport (4.2.4) lib/active_support/notifications.rb:166:in `instrument'
  actionview (4.2.4) lib/action_view/template.rb:333:in `instrument'
  actionview (4.2.4) lib/action_view/template.rb:143:in `render'
  actionview (4.2.4) lib/action_view/renderer/template_renderer.rb:66:in `render_with_layout'
  actionview (4.2.4) lib/action_view/renderer/template_renderer.rb:52:in `render_template'
  actionview (4.2.4) lib/action_view/renderer/template_renderer.rb:14:in `render'
  actionview (4.2.4) lib/action_view/renderer/renderer.rb:42:in `render_template'
  actionview (4.2.4) lib/action_view/renderer/renderer.rb:23:in `render'
  actionview (4.2.4) lib/action_view/rendering.rb:100:in `_render_template'
  actionpack (4.2.4) lib/action_controller/metal/streaming.rb:217:in `_render_template'
  actionview (4.2.4) lib/action_view/rendering.rb:83:in `render_to_body'
  actionpack (4.2.4) lib/action_controller/metal/rendering.rb:32:in `render_to_body'
  actionpack (4.2.4) lib/action_controller/metal/renderers.rb:37:in `render_to_body'
  actionpack (4.2.4) lib/abstract_controller/rendering.rb:25:in `render'
  actionpack (4.2.4) lib/action_controller/metal/rendering.rb:16:in `render'
  actionpack (4.2.4) lib/action_controller/metal/instrumentation.rb:44:in `block (2 levels) in render'
  activesupport (4.2.4) lib/active_support/core_ext/benchmark.rb:12:in `block in ms'
  /usr/local/var/rbenv/versions/2.1.2/lib/ruby/2.1.0/benchmark.rb:294:in `realtime'
  activesupport (4.2.4) lib/active_support/core_ext/benchmark.rb:12:in `ms'
  actionpack (4.2.4) lib/action_controller/metal/instrumentation.rb:44:in `block in render'
  actionpack (4.2.4) lib/action_controller/metal/instrumentation.rb:87:in `cleanup_view_runtime'
  activerecord (4.2.4) lib/active_record/railties/controller_runtime.rb:25:in `cleanup_view_runtime'
  actionpack (4.2.4) lib/action_controller/metal/instrumentation.rb:43:in `render'
  actionpack (4.2.4) lib/action_controller/metal/implicit_render.rb:10:in `default_render'
  actionpack (4.2.4) lib/action_controller/metal/implicit_render.rb:5:in `send_action'
  actionpack (4.2.4) lib/abstract_controller/base.rb:198:in `process_action'
  actionpack (4.2.4) lib/action_controller/metal/rendering.rb:10:in `process_action'
  actionpack (4.2.4) lib/abstract_controller/callbacks.rb:20:in `block in process_action'
  activesupport (4.2.4) lib/active_support/callbacks.rb:117:in `call'
  activesupport (4.2.4) lib/active_support/callbacks.rb:555:in `block (2 levels) in compile'
  activesupport (4.2.4) lib/active_support/callbacks.rb:505:in `call'
  activesupport (4.2.4) lib/active_support/callbacks.rb:92:in `__run_callbacks__'
  activesupport (4.2.4) lib/active_support/callbacks.rb:778:in `_run_process_action_callbacks'
  activesupport (4.2.4) lib/active_support/callbacks.rb:81:in `run_callbacks'
  actionpack (4.2.4) lib/abstract_controller/callbacks.rb:19:in `process_action'
  actionpack (4.2.4) lib/action_controller/metal/rescue.rb:29:in `process_action'
  actionpack (4.2.4) lib/action_controller/metal/instrumentation.rb:32:in `block in process_action'
  activesupport (4.2.4) lib/active_support/notifications.rb:164:in `block in instrument'
  activesupport (4.2.4) lib/active_support/notifications/instrumenter.rb:20:in `instrument'
  activesupport (4.2.4) lib/active_support/notifications.rb:164:in `instrument'
  actionpack (4.2.4) lib/action_controller/metal/instrumentation.rb:30:in `process_action'
  actionpack (4.2.4) lib/action_controller/metal/params_wrapper.rb:250:in `process_action'
  activerecord (4.2.4) lib/active_record/railties/controller_runtime.rb:18:in `process_action'
  actionpack (4.2.4) lib/abstract_controller/base.rb:137:in `process'
  actionview (4.2.4) lib/action_view/rendering.rb:30:in `process'
  actionpack (4.2.4) lib/action_controller/metal.rb:196:in `dispatch'
  actionpack (4.2.4) lib/action_controller/metal/rack_delegation.rb:13:in `dispatch'
  actionpack (4.2.4) lib/action_controller/metal.rb:237:in `block in action'
  actionpack (4.2.4) lib/action_dispatch/routing/route_set.rb:76:in `dispatch'
  actionpack (4.2.4) lib/action_dispatch/routing/route_set.rb:45:in `serve'
  actionpack (4.2.4) lib/action_dispatch/journey/router.rb:43:in `block in serve'
  actionpack (4.2.4) lib/action_dispatch/journey/router.rb:30:in `serve'
  actionpack (4.2.4) lib/action_dispatch/routing/route_set.rb:821:in `call'
  rack (1.6.4) lib/rack/etag.rb:24:in `call'
  rack (1.6.4) lib/rack/conditionalget.rb:25:in `call'
  rack (1.6.4) lib/rack/head.rb:13:in `call'
  actionpack (4.2.4) lib/action_dispatch/middleware/params_parser.rb:27:in `call'
  actionpack (4.2.4) lib/action_dispatch/middleware/flash.rb:260:in `call'
  rack (1.6.4) lib/rack/session/abstract/id.rb:225:in `context'
  rack (1.6.4) lib/rack/session/abstract/id.rb:220:in `call'
  actionpack (4.2.4) lib/action_dispatch/middleware/cookies.rb:560:in `call'
  activerecord (4.2.4) lib/active_record/query_cache.rb:36:in `call'
  activerecord (4.2.4) lib/active_record/connection_adapters/abstract/connection_pool.rb:653:in `call'
  activerecord (4.2.4) lib/active_record/migration.rb:377:in `call'
  actionpack (4.2.4) lib/action_dispatch/middleware/callbacks.rb:29:in `block in call'
  activesupport (4.2.4) lib/active_support/callbacks.rb:88:in `__run_callbacks__'
  activesupport (4.2.4) lib/active_support/callbacks.rb:778:in `_run_call_callbacks'
  activesupport (4.2.4) lib/active_support/callbacks.rb:81:in `run_callbacks'
  actionpack (4.2.4) lib/action_dispatch/middleware/callbacks.rb:27:in `call'
  actionpack (4.2.4) lib/action_dispatch/middleware/reloader.rb:73:in `call'
  actionpack (4.2.4) lib/action_dispatch/middleware/remote_ip.rb:78:in `call'
  better_errors (2.1.1) lib/better_errors/middleware.rb:84:in `protected_app_call'
  better_errors (2.1.1) lib/better_errors/middleware.rb:79:in `better_errors_call'
  better_errors (2.1.1) lib/better_errors/middleware.rb:57:in `call'
  actionpack (4.2.4) lib/action_dispatch/middleware/debug_exceptions.rb:17:in `call'
  web-console (2.2.1) lib/web_console/middleware.rb:39:in `call'
  actionpack (4.2.4) lib/action_dispatch/middleware/show_exceptions.rb:30:in `call'
  railties (4.2.4) lib/rails/rack/logger.rb:38:in `call_app'
  railties (4.2.4) lib/rails/rack/logger.rb:20:in `block in call'
  activesupport (4.2.4) lib/active_support/tagged_logging.rb:68:in `block in tagged'
  activesupport (4.2.4) lib/active_support/tagged_logging.rb:26:in `tagged'
  activesupport (4.2.4) lib/active_support/tagged_logging.rb:68:in `tagged'
  railties (4.2.4) lib/rails/rack/logger.rb:20:in `call'
  actionpack (4.2.4) lib/action_dispatch/middleware/request_id.rb:21:in `call'
  rack (1.6.4) lib/rack/methodoverride.rb:22:in `call'
  rack (1.6.4) lib/rack/runtime.rb:18:in `call'
  activesupport (4.2.4) lib/active_support/cache/strategy/local_cache_middleware.rb:28:in `call'
  rack (1.6.4) lib/rack/lock.rb:17:in `call'
  actionpack (4.2.4) lib/action_dispatch/middleware/static.rb:116:in `call'
  rack (1.6.4) lib/rack/sendfile.rb:113:in `call'
  railties (4.2.4) lib/rails/engine.rb:518:in `call'
  railties (4.2.4) lib/rails/application.rb:165:in `call'
  rack (1.6.4) lib/rack/lock.rb:17:in `call'
  rack (1.6.4) lib/rack/content_length.rb:15:in `call'
  rack (1.6.4) lib/rack/handler/webrick.rb:88:in `service'
  /usr/local/var/rbenv/versions/2.1.2/lib/ruby/2.1.0/webrick/httpserver.rb:138:in `service'
  /usr/local/var/rbenv/versions/2.1.2/lib/ruby/2.1.0/webrick/httpserver.rb:94:in `run'
  /usr/local/var/rbenv/versions/2.1.2/lib/ruby/2.1.0/webrick/server.rb:295:in `block in start_thread'



Started POST "/__better_errors/b8799281abe099de/variables" for ::1 at 2015-11-17 10:05:43 -0500


Started GET "/" for ::1 at 2015-11-17 10:06:30 -0500
Processing by SessionsController#new as HTML
  Rendered sessions/new.html.erb within layouts/application (0.1ms)
Completed 200 OK in 1760ms (Views: 1758.4ms | ActiveRecord: 0.0ms)


Started GET "/assets/sessions.self-e3b0c44298fc1c149afbf4c8996fb92427ae41e4649b934ca495991b7852b855.css?body=1" for ::1 at 2015-11-17 10:06:32 -0500


Started GET "/assets/users.self-e3b0c44298fc1c149afbf4c8996fb92427ae41e4649b934ca495991b7852b855.css?body=1" for ::1 at 2015-11-17 10:06:32 -0500


Started GET "/assets/jquery.self-a714331225dda820228db323939889f149aec0127aeb06255646b616ba1ca419.js?body=1" for ::1 at 2015-11-17 10:06:32 -0500


Started GET "/assets/react_router.self-b2fb42fc48326928f091759585ae1eab0cd35ab15ba475d0fbb6c01c9dedc5bb.js?body=1" for ::1 at 2015-11-17 10:06:32 -0500


Started GET "/assets/jquery_ujs.self-d456baa54c1fa6be2ec3711f0a72ddf7a5b2f34a6b4f515f33767d6207b7d4b3.js?body=1" for ::1 at 2015-11-17 10:06:32 -0500


Started GET "/assets/application.self-e80e8f2318043e8af94dddc2adad5a4f09739a8ebb323b3ab31cd71d45fd9113.css?body=1" for ::1 at 2015-11-17 10:06:32 -0500


Started GET "/assets/react_ujs.self-c42e5ee44bcda6910afca6fb40f99d9963074b3aefe72365ce90c24312e73b2b.js?body=1" for ::1 at 2015-11-17 10:06:32 -0500


Started GET "/assets/turbolinks.self-c37727e9bd6b2735da5c311aa83fead54ed0be6cc8bd9a65309e9c5abe2cbfff.js?body=1" for ::1 at 2015-11-17 10:06:32 -0500


Started GET "/assets/sessions.self-877aef30ae1b040ab8a3aba4e3e309a11d7f2612f44dde450b5c157aa5f95c05.js?body=1" for ::1 at 2015-11-17 10:06:32 -0500


Started GET "/assets/users.self-877aef30ae1b040ab8a3aba4e3e309a11d7f2612f44dde450b5c157aa5f95c05.js?body=1" for ::1 at 2015-11-17 10:06:32 -0500


Started GET "/assets/development/react.self-93bc62cb6c7b74ee7e5a2fcf623f3abbd365440bf90eba740c625f159078aa82.js?body=1" for ::1 at 2015-11-17 10:06:32 -0500


Started GET "/assets/flux.self-c2206dc953bbad23c0ee331879560545a4ec58709c89fe78db57a156ec19c08f.js?body=1" for ::1 at 2015-11-17 10:06:32 -0500


Started GET "/assets/eventemitter.self-b7e538902dfb3dce50e80598efaa7b435781b7bc8fe936a7aca64a6f2699d411.js?body=1" for ::1 at 2015-11-17 10:06:32 -0500


Started GET "/assets/application.self-16c207b3ca1b52afcfc7f4b662487caf1bbe084a6656bb15f693ab9de2d11be7.js?body=1" for ::1 at 2015-11-17 10:06:32 -0500


Started GET "/assets/components.self-e3b0c44298fc1c149afbf4c8996fb92427ae41e4649b934ca495991b7852b855.js?body=1" for ::1 at 2015-11-17 10:06:32 -0500


Started GET "/" for ::1 at 2015-11-17 10:08:57 -0500
Processing by SessionsController#new as HTML
  Rendered sessions/new.html.erb within layouts/application (0.8ms)
Completed 200 OK in 181ms (Views: 179.9ms | ActiveRecord: 0.0ms)


Started GET "/assets/sessions.self-e3b0c44298fc1c149afbf4c8996fb92427ae41e4649b934ca495991b7852b855.css?body=1" for ::1 at 2015-11-17 10:08:57 -0500


Started GET "/assets/users.self-e3b0c44298fc1c149afbf4c8996fb92427ae41e4649b934ca495991b7852b855.css?body=1" for ::1 at 2015-11-17 10:08:57 -0500


Started GET "/assets/application.self-e80e8f2318043e8af94dddc2adad5a4f09739a8ebb323b3ab31cd71d45fd9113.css?body=1" for ::1 at 2015-11-17 10:08:57 -0500


Started GET "/assets/turbolinks.self-c37727e9bd6b2735da5c311aa83fead54ed0be6cc8bd9a65309e9c5abe2cbfff.js?body=1" for ::1 at 2015-11-17 10:08:57 -0500


Started GET "/assets/jquery.self-a714331225dda820228db323939889f149aec0127aeb06255646b616ba1ca419.js?body=1" for ::1 at 2015-11-17 10:08:57 -0500


Started GET "/assets/jquery_ujs.self-d456baa54c1fa6be2ec3711f0a72ddf7a5b2f34a6b4f515f33767d6207b7d4b3.js?body=1" for ::1 at 2015-11-17 10:08:57 -0500


Started GET "/assets/development/react.self-93bc62cb6c7b74ee7e5a2fcf623f3abbd365440bf90eba740c625f159078aa82.js?body=1" for ::1 at 2015-11-17 10:08:57 -0500


Started GET "/assets/react_ujs.self-c42e5ee44bcda6910afca6fb40f99d9963074b3aefe72365ce90c24312e73b2b.js?body=1" for ::1 at 2015-11-17 10:08:57 -0500


Started GET "/assets/flux.self-c2206dc953bbad23c0ee331879560545a4ec58709c89fe78db57a156ec19c08f.js?body=1" for ::1 at 2015-11-17 10:08:57 -0500


Started GET "/assets/eventemitter.self-b7e538902dfb3dce50e80598efaa7b435781b7bc8fe936a7aca64a6f2699d411.js?body=1" for ::1 at 2015-11-17 10:08:57 -0500


Started GET "/assets/react_router.self-b2fb42fc48326928f091759585ae1eab0cd35ab15ba475d0fbb6c01c9dedc5bb.js?body=1" for ::1 at 2015-11-17 10:08:57 -0500


Started GET "/assets/components.self-e3b0c44298fc1c149afbf4c8996fb92427ae41e4649b934ca495991b7852b855.js?body=1" for ::1 at 2015-11-17 10:08:57 -0500


Started GET "/assets/sessions.self-877aef30ae1b040ab8a3aba4e3e309a11d7f2612f44dde450b5c157aa5f95c05.js?body=1" for ::1 at 2015-11-17 10:08:57 -0500


Started GET "/assets/users.self-877aef30ae1b040ab8a3aba4e3e309a11d7f2612f44dde450b5c157aa5f95c05.js?body=1" for ::1 at 2015-11-17 10:08:57 -0500


Started GET "/assets/application.self-16c207b3ca1b52afcfc7f4b662487caf1bbe084a6656bb15f693ab9de2d11be7.js?body=1" for ::1 at 2015-11-17 10:08:57 -0500
